2024-10-01T09:00, user190, view
2024-10-01T09:03, user143, click
2024-10-01T09:04, user153, logout
2024-10-01T09:09, user138, login
2024-10-01T09:11, user143, logout
2024-10-01T09:16, user123, logout
2024-10-01T09:17, user140, view
2024-10-01T09:21, user200, login
2024-10-01T09:25, user133, view
2024-10-01T09:26, user165, click
2024-10-01T09:28, user120, view
2024-10-01T09:31, user162, view
2024-10-01T09:36, user160, logout
2024-10-01T09:39, user152, logout
2024-10-01T09:40, user164, view
2024-10-01T09:42, user191, view
2024-10-01T09:47, user141, click
2024-10-01T09:50, user151, view
2024-10-01T09:54, user177, click
2024-10-01T09:55, user131, login
2024-10-01T10:00, user105, click
2024-10-01T10:04, user113, logout
2024-10-01T10:08, user193, logout
2024-10-01T10:10, user182, view
2024-10-01T10:12, user153, login
2024-10-01T10:16, user109, view
2024-10-01T10:21, user176, logout
2024-10-01T10:23, user139, logout
2024-10-01T10:25, user182, view
2024-10-01T10:27, user176, logout
2024-10-01T10:30, user147, view
2024-10-01T10:31, user140, view
2024-10-01T10:36, user140, logout
2024-10-01T10:37, user191, view
2024-10-01T10:40, user129, click
2024-10-01T10:44, user172, view
2024-10-01T10:46, user104, click
2024-10-01T10:50, user135, view
2024-10-01T10:51, user157, view
2024-10-01T10:54, user117, view
2024-10-01T10:55, user162, login
2024-10-01T10:58, user124, login
2024-10-01T11:00, user178, view
2024-10-01T11:04, user126, view
2024-10-01T11:09, user140, login
2024-10-01T11:12, user108, login
2024-10-01T11:14, user165, login
2024-10-01T11:15, user132, login
2024-10-01T11:19, user147, login
2024-10-01T11:24, user173, login
2024-10-01T11:26, user138, view
2024-10-01T11:28, user167, login
2024-10-01T11:29, user119, click
2024-10-01T11:30, user173, login
2024-10-01T11:35, user130, view
2024-10-01T11:38, user147, login
2024-10-01T11:43, user172, login
2024-10-01T11:44, user141, click
2024-10-01T11:45, user179, view
2024-10-01T11:49, user130, click
2024-10-01T11:50, user166, logout
2024-10-01T11:54, user166, click
2024-10-01T11:58, user153, logout
2024-10-01T12:02, user129, view
2024-10-01T12:05, user199, login
2024-10-01T12:08, user115, click
2024-10-01T12:13, user175, logout
2024-10-01T12:15, user172, login
2024-10-01T12:19, user103, logout
2024-10-01T12:22, user189, logout
2024-10-01T12:27, user167, login
2024-10-01T12:28, user154, view
2024-10-01T12:29, user130, view
2024-10-01T12:34, user178, logout
2024-10-01T12:39, user188, logout
2024-10-01T12:41, user106, click
2024-10-01T12:44, user191, view
2024-10-01T12:45, user194, logout
2024-10-01T12:48, user114, login
2024-10-01T12:52, user181, login
2024-10-01T12:54, user101, logout
2024-10-01T12:55, user109, login
2024-10-01T12:59, user157, click
2024-10-01T13:02, user111, login
2024-10-01T13:03, user120, view
2024-10-01T13:05, user133, login
2024-10-01T13:08, user107, click
2024-10-01T13:09, user126, logout
2024-10-01T13:14, user150, login
2024-10-01T13:16, user112, logout
2024-10-01T13:20, user108, login
2024-10-01T13:23, user145, logout
2024-10-01T13:25, user190, view
2024-10-01T13:28, user116, login
2024-10-01T13:31, user150, view
2024-10-01T13:36, user148, logout
2024-10-01T13:39, user124, view
2024-10-01T13:41, user177, click
2024-10-01T13:44, user189, logout
2024-10-01T13:45, user159, login
2024-10-01T13:49, user150, logout
2024-10-01T13:50, user140, view
2024-10-01T13:51, user131, view
2024-10-01T13:55, user197, view
2024-10-01T14:00, user119, view
2024-10-01T14:01, user199, logout
2024-10-01T14:06, user177, logout
2024-10-01T14:10, user139, click
2024-10-01T14:13, user200, logout
2024-10-01T14:18, user159, click
2024-10-01T14:21, user188, view
2024-10-01T14:22, user103, view
2024-10-01T14:27, user138, login
2024-10-01T14:31, user196, logout
2024-10-01T14:32, user149, view
2024-10-01T14:33, user167, login
2024-10-01T14:34, user132, logout
2024-10-01T14:37, user136, login
2024-10-01T14:40, user137, logout
2024-10-01T14:43, user182, click
2024-10-01T14:44, user107, view
2024-10-01T14:47, user159, click
2024-10-01T14:50, user102, click
2024-10-01T14:51, user143, view
2024-10-01T14:54, user109, login
2024-10-01T14:56, user136, logout
2024-10-01T15:00, user163, view
2024-10-01T15:03, user186, logout
2024-10-01T15:07, user171, view
2024-10-01T15:09, user156, click
2024-10-01T15:13, user180, login
2024-10-01T15:15, user129, view
2024-10-01T15:16, user166, login
2024-10-01T15:18, user179, login
2024-10-01T15:20, user148, click
2024-10-01T15:23, user162, login
2024-10-01T15:27, user106, click
2024-10-01T15:30, user195, click
2024-10-01T15:33, user193, click
2024-10-01T15:35, user163, click
2024-10-01T15:39, user185, logout
2024-10-01T15:40, user139, click
2024-10-01T15:45, user145, logout
2024-10-01T15:47, user182, view
2024-10-01T15:51, user162, view
2024-10-01T15:52, user144, view
2024-10-01T15:53, user105, view
2024-10-01T15:54, user132, logout
2024-10-01T15:59, user104, click
2024-10-01T16:01, user151, view
2024-10-01T16:04, user122, view
2024-10-01T16:08, user124, click
2024-10-01T16:12, user134, login
2024-10-01T16:16, user108, view
2024-10-01T16:19, user143, click
2024-10-01T16:20, user181, logout
2024-10-01T16:21, user121, login
2024-10-01T16:23, user192, logout
2024-10-01T16:27, user174, logout
2024-10-01T16:32, user195, click
2024-10-01T16:36, user160, login
2024-10-01T16:39, user175, login
2024-10-01T16:42, user141, login
2024-10-01T16:47, user149, view
2024-10-01T16:48, user163, click
2024-10-01T16:51, user162, login
2024-10-01T16:56, user105, login
2024-10-01T17:01, user141, click
2024-10-01T17:06, user147, login
2024-10-01T17:10, user115, click
2024-10-01T17:13, user145, click
2024-10-01T17:15, user146, view
2024-10-01T17:20, user118, logout
2024-10-01T17:23, user177, login
2024-10-01T17:26, user118, login
2024-10-01T17:29, user102, click
2024-10-01T17:33, user191, click
2024-10-01T17:35, user116, click
2024-10-01T17:38, user152, logout
2024-10-01T17:43, user104, click
2024-10-01T17:46, user165, logout
2024-10-01T17:50, user124, logout
2024-10-01T17:54, user200, view
2024-10-01T17:59, user183, logout
2024-10-01T18:03, user110, view
2024-10-01T18:05, user126, click
2024-10-01T18:10, user144, view
2024-10-01T18:11, user114, view
2024-10-01T18:12, user141, view
2024-10-01T18:14, user180, view
2024-10-01T18:17, user170, logout
2024-10-01T18:22, user177, click
2024-10-01T18:27, user113, view
2024-10-01T18:29, user136, login
2024-10-01T18:33, user154, view
2024-10-01T18:36, user162, view
2024-10-01T18:37, user135, click
2024-10-01T18:38, user169, view
2024-10-01T18:42, user101, logout
2024-10-01T18:44, user169, logout
2024-10-01T18:49, user200, logout
2024-10-01T18:50, user138, click
2024-10-01T18:55, user155, click
2024-10-01T18:57, user101, view
2024-10-01T19:00, user129, logout
2024-10-01T19:05, user195, click
2024-10-01T19:07, user128, login
2024-10-01T19:09, user177, logout
2024-10-01T19:12, user149, logout
2024-10-01T19:17, user138, login
2024-10-01T19:22, user164, logout
2024-10-01T19:27, user168, view
2024-10-01T19:31, user169, view
2024-10-01T19:34, user199, logout
2024-10-01T19:39, user136, view
2024-10-01T19:42, user185, login
2024-10-01T19:47, user146, logout
2024-10-01T19:50, user197, logout
2024-10-01T19:55, user197, logout
2024-10-01T20:00, user127, click
2024-10-01T20:02, user110, click
2024-10-01T20:07, user113, click
2024-10-01T20:10, user185, logout
2024-10-01T20:14, user155, login
2024-10-01T20:18, user109, logout
2024-10-01T20:20, user103, logout
2024-10-01T20:23, user135, login
2024-10-01T20:28, user178, login
2024-10-01T20:30, user142, view
2024-10-01T20:32, user101, view
2024-10-01T20:33, user142, login
2024-10-01T20:38, user130, view
2024-10-01T20:42, user106, view
2024-10-01T20:44, user152, logout
2024-10-01T20:45, user171, click
2024-10-01T20:48, user187, login
2024-10-01T20:52, user115, view
2024-10-01T20:57, user121, view
2024-10-01T21:00, user127, login
2024-10-01T21:04, user151, logout
2024-10-01T21:07, user182, view
2024-10-01T21:08, user137, click
2024-10-01T21:09, user171, login
2024-10-01T21:14, user193, login
2024-10-01T21:17, user186, view
2024-10-01T21:18, user124, view
2024-10-01T21:21, user103, view
2024-10-01T21:23, user149, login
2024-10-01T21:27, user178, click
2024-10-01T21:31, user112, login
2024-10-01T21:34, user161, logout
2024-10-01T21:35, user140, logout
2024-10-01T21:36, user115, login
2024-10-01T21:41, user173, click
2024-10-01T21:43, user113, view
2024-10-01T21:48, user117, click
2024-10-01T21:53, user128, click
2024-10-01T21:54, user147, login
2024-10-01T21:57, user167, logout
2024-10-01T21:58, user130, click
2024-10-01T21:59, user145, view
2024-10-01T22:01, user158, login
2024-10-01T22:02, user137, view
2024-10-01T22:05, user196, click
2024-10-01T22:07, user110, click
2024-10-01T22:12, user127, click
2024-10-01T22:16, user176, click
2024-10-01T22:19, user191, view
2024-10-01T22:24, user163, logout
2024-10-01T22:28, user115, view
2024-10-01T22:29, user185, view
2024-10-01T22:33, user103, click
2024-10-01T22:37, user163, click
2024-10-01T22:42, user142, click
2024-10-01T22:47, user110, login
2024-10-01T22:48, user159, logout
2024-10-01T22:49, user151, login
2024-10-01T22:50, user173, login
2024-10-01T22:53, user128, login
2024-10-01T22:54, user176, view
2024-10-01T22:57, user185, login
2024-10-01T22:59, user184, login
2024-10-01T23:04, user136, logout
2024-10-01T23:08, user174, click
2024-10-01T23:11, user113, click
2024-10-01T23:13, user109, login
2024-10-01T23:15, user179, login
2024-10-01T23:20, user118, logout
2024-10-01T23:23, user113, login
2024-10-01T23:24, user184, view
2024-10-01T23:29, user195, login
2024-10-01T23:31, user177, login
2024-10-01T23:36, user172, view
2024-10-01T23:37, user111, login
2024-10-01T23:42, user147, click
2024-10-01T23:46, user158, view
2024-10-01T23:47, user111, view
2024-10-01T23:52, user196, login
2024-10-01T23:53, user164, login
2024-10-01T23:56, user136, logout
2024-10-01T23:57, user101, view
2024-10-01T23:58, user195, view
2024-10-02T00:01, user142, view
2024-10-02T00:04, user168, view
2024-10-02T00:08, user164, view
2024-10-02T00:11, user148, login
2024-10-02T00:12, user123, login
2024-10-02T00:16, user167, logout
2024-10-02T00:17, user148, view
2024-10-02T00:20, user114, logout
2024-10-02T00:21, user133, login
2024-10-02T00:25, user167, click
2024-10-02T00:30, user168, logout
2024-10-02T00:32, user103, click
2024-10-02T00:35, user179, click
2024-10-02T00:36, user197, logout
2024-10-02T00:40, user119, logout
2024-10-02T00:42, user186, logout
2024-10-02T00:44, user195, login
2024-10-02T00:47, user138, logout
2024-10-02T00:52, user130, view
2024-10-02T00:53, user187, click
2024-10-02T00:56, user163, view
2024-10-02T00:59, user163, click
2024-10-02T01:03, user121, click
2024-10-02T01:06, user102, view
2024-10-02T01:08, user125, view
2024-10-02T01:11, user148, logout
2024-10-02T01:14, user174, view
2024-10-02T01:19, user141, click
2024-10-02T01:20, user168, logout
2024-10-02T01:25, user162, view
2024-10-02T01:28, user187, view
2024-10-02T01:29, user186, view
2024-10-02T01:31, user198, login
2024-10-02T01:32, user124, logout
2024-10-02T01:35, user118, logout
2024-10-02T01:36, user127, login
2024-10-02T01:40, user144, click
2024-10-02T01:43, user111, click
2024-10-02T01:47, user187, logout
2024-10-02T01:51, user144, logout
2024-10-02T01:56, user107, view
2024-10-02T02:01, user172, view
2024-10-02T02:06, user121, click
2024-10-02T02:08, user133, login
2024-10-02T02:09, user111, click
2024-10-02T02:10, user149, login
2024-10-02T02:13, user161, login
2024-10-02T02:14, user200, click
2024-10-02T02:17, user199, logout
2024-10-02T02:20, user148, logout
2024-10-02T02:22, user198, view
2024-10-02T02:25, user129, logout
2024-10-02T02:30, user194, login
2024-10-02T02:33, user187, click
2024-10-02T02:37, user186, logout
2024-10-02T02:41, user115, click
2024-10-02T02:43, user199, click
2024-10-02T02:44, user139, logout
2024-10-02T02:45, user132, login
2024-10-02T02:47, user172, view
2024-10-02T02:51, user146, click
2024-10-02T02:54, user129, login
2024-10-02T02:59, user175, login
2024-10-02T03:03, user154, logout
2024-10-02T03:07, user190, click
2024-10-02T03:12, user119, view
2024-10-02T03:15, user197, logout
2024-10-02T03:16, user149, click
2024-10-02T03:20, user140, view
2024-10-02T03:23, user150, login
2024-10-02T03:27, user122, logout
2024-10-02T03:32, user155, click
2024-10-02T03:33, user124, logout
2024-10-02T03:36, user151, logout
2024-10-02T03:41, user116, login
2024-10-02T03:45, user172, logout
2024-10-02T03:46, user109, view
2024-10-02T03:47, user150, view
2024-10-02T03:52, user104, view
2024-10-02T03:57, user135, click
2024-10-02T04:02, user127, view
2024-10-02T04:05, user187, click
2024-10-02T04:07, user188, click
2024-10-02T04:10, user178, click
2024-10-02T04:12, user190, view
2024-10-02T04:15, user184, login
2024-10-02T04:18, user153, login
2024-10-02T04:21, user183, login
2024-10-02T04:26, user170, view
2024-10-02T04:28, user171, login
2024-10-02T04:31, user124, click
2024-10-02T04:34, user106, view
2024-10-02T04:37, user188, view
2024-10-02T04:41, user121, view
2024-10-02T04:44, user150, logout
2024-10-02T04:47, user188, login
2024-10-02T04:48, user101, click
2024-10-02T04:49, user112, login
2024-10-02T04:50, user195, click
2024-10-02T04:53, user139, view
2024-10-02T04:56, user134, view
2024-10-02T04:57, user175, login
2024-10-02T05:00, user124, click
2024-10-02T05:03, user137, view
2024-10-02T05:04, user116, view
2024-10-02T05:08, user102, logout
2024-10-02T05:13, user151, click
2024-10-02T05:18, user171, view
2024-10-02T05:19, user127, logout
2024-10-02T05:24, user170, login
2024-10-02T05:27, user155, login
2024-10-02T05:31, user113, view
2024-10-02T05:35, user199, view
2024-10-02T05:36, user164, view
2024-10-02T05:41, user129, logout
2024-10-02T05:44, user111, logout
2024-10-02T05:47, user127, logout
2024-10-02T05:49, user132, view
2024-10-02T05:54, user197, login
2024-10-02T05:58, user173, login
2024-10-02T06:03, user190, login
2024-10-02T06:07, user106, logout
2024-10-02T06:08, user157, click
2024-10-02T06:12, user155, view
2024-10-02T06:17, user111, logout
2024-10-02T06:21, user188, click
2024-10-02T06:22, user150, login
2024-10-02T06:25, user113, login
2024-10-02T06:26, user143, click
2024-10-02T06:27, user143, logout
2024-10-02T06:29, user123, click
2024-10-02T06:34, user189, click
2024-10-02T06:39, user176, view
2024-10-02T06:40, user192, login
2024-10-02T06:45, user189, logout
2024-10-02T06:47, user101, logout
2024-10-02T06:49, user134, view
2024-10-02T06:54, user189, view
2024-10-02T06:56, user200, click
2024-10-02T07:01, user169, view
2024-10-02T07:04, user146, logout
2024-10-02T07:05, user164, view
2024-10-02T07:10, user128, click
2024-10-02T07:15, user164, logout
2024-10-02T07:18, user169, click
2024-10-02T07:20, user124, click
2024-10-02T07:21, user106, view
2024-10-02T07:25, user178, logout
2024-10-02T07:30, user111, logout
2024-10-02T07:35, user121, click
2024-10-02T07:38, user182, view
2024-10-02T07:42, user142, login
2024-10-02T07:47, user174, click
2024-10-02T07:50, user130, view
2024-10-02T07:52, user105, click
2024-10-02T07:53, user172, view
2024-10-02T07:58, user117, click
2024-10-02T07:59, user126, logout
2024-10-02T08:00, user127, click
2024-10-02T08:05, user165, login
2024-10-02T08:10, user191, logout
2024-10-02T08:14, user138, view
2024-10-02T08:16, user170, login
2024-10-02T08:17, user129, view
2024-10-02T08:19, user141, logout
2024-10-02T08:23, user189, click
2024-10-02T08:24, user161, click
2024-10-02T08:25, user101, login
2024-10-02T08:28, user134, view
2024-10-02T08:33, user177, view
2024-10-02T08:35, user172, view
2024-10-02T08:39, user134, logout
2024-10-02T08:43, user150, login
2024-10-02T08:48, user112, logout
2024-10-02T08:51, user182, click
2024-10-02T08:54, user110, click
2024-10-02T08:59, user104, view
2024-10-02T09:00, user129, click
2024-10-02T09:03, user143, logout
2024-10-02T09:06, user176, view
2024-10-02T09:08, user121, login
2024-10-02T09:09, user161, click
2024-10-02T09:12, user171, view
2024-10-02T09:17, user139, logout
2024-10-02T09:21, user172, logout
2024-10-02T09:23, user123, view
2024-10-02T09:25, user166, login
2024-10-02T09:26, user172, click
2024-10-02T09:30, user142, login
2024-10-02T09:33, user147, logout
2024-10-02T09:34, user183, login
2024-10-02T09:36, user199, view
2024-10-02T09:40, user134, click
2024-10-02T09:43, user121, logout
2024-10-02T09:44, user116, view
2024-10-02T09:47, user118, login
2024-10-02T09:51, user190, login
2024-10-02T09:55, user181, click
2024-10-02T09:56, user116, click
2024-10-02T09:57, user101, view
2024-10-02T10:00, user175, login
2024-10-02T10:01, user190, view
2024-10-02T10:06, user189, logout
2024-10-02T10:11, user188, logout
2024-10-02T10:16, user101, click
2024-10-02T10:17, user112, logout
2024-10-02T10:18, user111, logout
2024-10-02T10:23, user183, login
2024-10-02T10:27, user189, view
2024-10-02T10:32, user149, click
2024-10-02T10:34, user166, click
2024-10-02T10:37, user182, login
2024-10-02T10:42, user129, login
2024-10-02T10:44, user144, login
2024-10-02T10:46, user102, logout
2024-10-02T10:50, user180, logout
2024-10-02T10:53, user149, click
2024-10-02T10:58, user158, click
2024-10-02T11:02, user161, click
2024-10-02T11:07, user170, view
2024-10-02T11:09, user135, logout
2024-10-02T11:11, user139, view
2024-10-02T11:14, user169, view
2024-10-02T11:15, user106, view
2024-10-02T11:18, user134, logout
2024-10-02T11:21, user198, view
2024-10-02T11:22, user119, click
2024-10-02T11:25, user173, login
2024-10-02T11:30, user167, login
2024-10-02T11:33, user154, logout
2024-10-02T11:35, user153, click
2024-10-02T11:38, user112, login
2024-10-02T11:40, user129, logout
2024-10-02T11:43, user175, view
2024-10-02T11:45, user149, login
2024-10-02T11:48, user141, login
2024-10-02T11:51, user102, view
2024-10-02T11:52, user180, click
2024-10-02T11:53, user154, click
2024-10-02T11:55, user172, logout
2024-10-02T11:58, user189, view
2024-10-02T12:01, user149, login
2024-10-02T12:03, user124, login
2024-10-02T12:07, user194, login
2024-10-02T12:10, user164, view
2024-10-02T12:15, user112, login
2024-10-02T12:17, user131, view
2024-10-02T12:19, user171, login
2024-10-02T12:21, user106, login
2024-10-02T12:24, user154, login
2024-10-02T12:28, user170, logout
2024-10-02T12:30, user130, logout
2024-10-02T12:32, user130, login
2024-10-02T12:36, user164, logout
2024-10-02T12:39, user132, click
2024-10-02T12:41, user194, login
2024-10-02T12:46, user143, login
2024-10-02T12:47, user104, click
2024-10-02T12:48, user122, logout
2024-10-02T12:50, user157, view
2024-10-02T12:55, user133, click
2024-10-02T12:57, user146, login
2024-10-02T13:00, user110, login
2024-10-02T13:01, user178, login
2024-10-02T13:04, user187, view
2024-10-02T13:09, user128, login
2024-10-02T13:12, user158, click
2024-10-02T13:15, user123, click
2024-10-02T13:18, user117, view
2024-10-02T13:21, user196, logout
2024-10-02T13:22, user149, view
2024-10-02T13:27, user162, logout
2024-10-02T13:28, user124, logout
2024-10-02T13:31, user139, click
2024-10-02T13:32, user180, login
2024-10-02T13:37, user154, logout
2024-10-02T13:42, user142, logout
2024-10-02T13:44, user142, login
2024-10-02T13:48, user168, login
2024-10-02T13:51, user155, login
2024-10-02T13:54, user121, login
2024-10-02T13:56, user117, login
2024-10-02T14:00, user175, view
2024-10-02T14:02, user123, login
2024-10-02T14:03, user170, login
2024-10-02T14:07, user130, login
2024-10-02T14:11, user144, login
2024-10-02T14:16, user138, login
2024-10-02T14:17, user145, click
2024-10-02T14:21, user166, logout
2024-10-02T14:24, user150, logout
2024-10-02T14:27, user151, view
2024-10-02T14:32, user119, view
2024-10-02T14:33, user155, login
2024-10-02T14:34, user194, view
2024-10-02T14:35, user172, view
2024-10-02T14:37, user168, logout
2024-10-02T14:40, user190, logout
2024-10-02T14:45, user192, login
2024-10-02T14:49, user161, view
2024-10-02T14:52, user150, click
2024-10-02T14:55, user157, click
2024-10-02T14:58, user189, click
2024-10-02T15:02, user149, logout
2024-10-02T15:05, user167, login
2024-10-02T15:10, user155, login
2024-10-02T15:15, user200, view
2024-10-02T15:18, user171, login
2024-10-02T15:22, user140, login
2024-10-02T15:25, user198, login
2024-10-02T15:28, user161, click
2024-10-02T15:30, user125, login
2024-10-02T15:35, user138, login
2024-10-02T15:38, user200, click
2024-10-02T15:39, user164, view
2024-10-02T15:40, user178, logout
2024-10-02T15:42, user104, login
2024-10-02T15:46, user179, click
2024-10-02T15:51, user128, click
2024-10-02T15:53, user104, login
2024-10-02T15:57, user120, login
2024-10-02T16:00, user179, view
2024-10-02T16:02, user193, click
2024-10-02T16:03, user138, login
2024-10-02T16:07, user138, login
2024-10-02T16:10, user158, click
2024-10-02T16:15, user195, view
2024-10-02T16:20, user133, click
2024-10-02T16:22, user139, logout
2024-10-02T16:27, user139, logout
2024-10-02T16:29, user135, login
2024-10-02T16:30, user121, logout
2024-10-02T16:32, user161, login
2024-10-02T16:36, user182, view
2024-10-02T16:40, user179, click
2024-10-02T16:45, user152, view
2024-10-02T16:47, user106, click
2024-10-02T16:50, user174, click
2024-10-02T16:51, user121, view
2024-10-02T16:56, user187, logout
2024-10-02T17:01, user184, click
2024-10-02T17:04, user184, login
2024-10-02T17:07, user156, logout
2024-10-02T17:11, user103, login
2024-10-02T17:15, user113, view
2024-10-02T17:19, user171, view
2024-10-02T17:23, user158, logout
2024-10-02T17:24, user143, click
2024-10-02T17:25, user138, logout
2024-10-02T17:28, user184, login
2024-10-02T17:33, user114, logout
2024-10-02T17:38, user170, logout
2024-10-02T17:40, user138, logout
2024-10-02T17:45, user115, click
2024-10-02T17:50, user102, logout
2024-10-02T17:53, user151, logout
2024-10-02T17:56, user175, logout
2024-10-02T17:58, user142, logout
2024-10-02T18:02, user159, view
2024-10-02T18:04, user142, login
2024-10-02T18:07, user122, login
2024-10-02T18:09, user144, logout
2024-10-02T18:11, user180, logout
2024-10-02T18:13, user192, view
2024-10-02T18:15, user199, logout
2024-10-02T18:16, user137, view
2024-10-02T18:19, user161, login
2024-10-02T18:20, user129, click
2024-10-02T18:22, user171, view
2024-10-02T18:24, user190, click
2024-10-02T18:29, user145, logout
2024-10-02T18:34, user188, click
2024-10-02T18:36, user196, logout
2024-10-02T18:38, user171, login
2024-10-02T18:43, user157, logout
2024-10-02T18:45, user105, view
2024-10-02T18:50, user184, login
2024-10-02T18:53, user136, click
2024-10-02T18:57, user111, click
2024-10-02T19:00, user132, view
2024-10-02T19:02, user169, logout
2024-10-02T19:06, user194, view
2024-10-02T19:09, user172, view
2024-10-02T19:14, user103, view
2024-10-02T19:19, user152, logout
2024-10-02T19:23, user190, login
2024-10-02T19:27, user146, logout
2024-10-02T19:32, user120, click
2024-10-02T19:37, user174, click
2024-10-02T19:38, user116, login
2024-10-02T19:41, user123, view
2024-10-02T19:46, user163, login
2024-10-02T19:48, user116, click
2024-10-02T19:50, user188, view
2024-10-02T19:52, user163, click
2024-10-02T19:53, user175, view
2024-10-02T19:55, user136, view
2024-10-02T19:57, user105, click
2024-10-02T20:00, user144, view
2024-10-02T20:02, user185, click
2024-10-02T20:04, user192, click
2024-10-02T20:06, user192, logout
2024-10-02T20:10, user128, click
2024-10-02T20:11, user192, view
2024-10-02T20:13, user135, logout
2024-10-02T20:18, user126, logout
2024-10-02T20:21, user172, click
2024-10-02T20:26, user103, login
2024-10-02T20:30, user174, view
2024-10-02T20:32, user174, click
2024-10-02T20:34, user105, logout
2024-10-02T20:37, user134, logout
2024-10-02T20:40, user189, click
2024-10-02T20:42, user191, logout
2024-10-02T20:47, user189, view
2024-10-02T20:50, user179, click
2024-10-02T20:51, user117, click
2024-10-02T20:54, user114, login
2024-10-02T20:58, user145, login
2024-10-02T21:02, user107, view
2024-10-02T21:06, user167, login
2024-10-02T21:10, user109, click
2024-10-02T21:11, user124, login
2024-10-02T21:14, user107, click
2024-10-02T21:15, user147, view
2024-10-02T21:20, user147, view
2024-10-02T21:21, user183, login
2024-10-02T21:23, user111, login
2024-10-02T21:25, user150, login
2024-10-02T21:28, user167, click
2024-10-02T21:29, user183, view
2024-10-02T21:34, user123, login
2024-10-02T21:39, user194, view
2024-10-02T21:42, user134, view
2024-10-02T21:46, user138, logout
2024-10-02T21:47, user123, logout
2024-10-02T21:49, user192, click
2024-10-02T21:53, user116, view
2024-10-02T21:55, user103, login
2024-10-02T21:57, user127, logout
2024-10-02T22:01, user142, click
2024-10-02T22:04, user132, login
2024-10-02T22:06, user140, logout
2024-10-02T22:07, user146, view
2024-10-02T22:11, user127, view
2024-10-02T22:14, user133, view
2024-10-02T22:17, user164, login
2024-10-02T22:20, user194, logout
2024-10-02T22:23, user198, login
2024-10-02T22:26, user138, login
2024-10-02T22:30, user128, logout
2024-10-02T22:33, user198, login
2024-10-02T22:37, user190, click
2024-10-02T22:40, user120, view
2024-10-02T22:45, user147, logout
2024-10-02T22:50, user172, login
2024-10-02T22:51, user169, view
2024-10-02T22:52, user154, logout
2024-10-02T22:54, user179, login
2024-10-02T22:57, user122, click
2024-10-02T22:58, user115, view
2024-10-02T23:01, user137, click
2024-10-02T23:04, user113, click
2024-10-02T23:07, user138, logout
2024-10-02T23:10, user186, logout
2024-10-02T23:14, user150, logout
2024-10-02T23:15, user136, login
2024-10-02T23:16, user122, login
2024-10-02T23:17, user126, view
2024-10-02T23:18, user124, logout
2024-10-02T23:20, user160, login
2024-10-02T23:25, user163, view
2024-10-02T23:30, user102, view
2024-10-02T23:32, user166, login
2024-10-02T23:34, user189, click
2024-10-02T23:37, user132, logout
2024-10-02T23:39, user174, view
2024-10-02T23:40, user141, view
2024-10-02T23:43, user129, login
2024-10-02T23:44, user146, click
2024-10-02T23:48, user134, login
2024-10-02T23:49, user106, view
2024-10-02T23:54, user163, login
2024-10-02T23:55, user188, logout
2024-10-02T23:57, user143, click
2024-10-03T00:00, user197, login
2024-10-03T00:02, user107, login
2024-10-03T00:04, user160, logout
2024-10-03T00:07, user122, click
2024-10-03T00:09, user123, logout
2024-10-03T00:12, user180, logout
2024-10-03T00:13, user149, logout
2024-10-03T00:16, user108, click
2024-10-03T00:20, user189, click
2024-10-03T00:25, user185, click
2024-10-03T00:28, user115, logout
2024-10-03T00:31, user174, logout
2024-10-03T00:34, user120, click
2024-10-03T00:37, user160, logout
2024-10-03T00:39, user154, view
2024-10-03T00:40, user112, view
2024-10-03T00:43, user126, view
2024-10-03T00:44, user166, logout
2024-10-03T00:45, user150, login
2024-10-03T00:50, user188, view
2024-10-03T00:55, user129, logout
2024-10-03T00:57, user141, login
2024-10-03T00:58, user117, view
2024-10-03T01:03, user151, click
2024-10-03T01:06, user197, logout
2024-10-03T01:11, user157, login
2024-10-03T01:15, user130, logout
2024-10-03T01:18, user159, logout
2024-10-03T01:21, user183, login
2024-10-03T01:23, user148, click
2024-10-03T01:24, user135, login
2024-10-03T01:26, user107, login
2024-10-03T01:28, user132, logout
2024-10-03T01:31, user140, view
2024-10-03T01:32, user197, view
2024-10-03T01:35, user148, view
2024-10-03T01:36, user198, login
2024-10-03T01:38, user105, view
2024-10-03T01:42, user194, logout
2024-10-03T01:47, user101, logout
2024-10-03T01:51, user176, view
2024-10-03T01:55, user168, view
2024-10-03T01:57, user129, view
2024-10-03T01:58, user150, view
2024-10-03T02:00, user175, view
2024-10-03T02:03, user114, login
2024-10-03T02:08, user118, logout
2024-10-03T02:12, user134, click
2024-10-03T02:17, user106, click
2024-10-03T02:20, user112, logout
2024-10-03T02:25, user144, logout
2024-10-03T02:29, user123, login
2024-10-03T02:30, user171, click
2024-10-03T02:35, user195, click
2024-10-03T02:36, user104, login
2024-10-03T02:38, user200, logout
2024-10-03T02:42, user122, login
2024-10-03T02:47, user110, view
2024-10-03T02:48, user155, view
2024-10-03T02:49, user146, click
2024-10-03T02:50, user190, logout
2024-10-03T02:51, user154, login
2024-10-03T02:56, user158, view
2024-10-03T02:59, user145, view
2024-10-03T03:02, user147, click
2024-10-03T03:05, user164, login
2024-10-03T03:10, user116, view
2024-10-03T03:12, user145, login
2024-10-03T03:16, user194, login
2024-10-03T03:20, user190, login
2024-10-03T03:21, user108, view
2024-10-03T03:26, user135, click
2024-10-03T03:27, user160, view
2024-10-03T03:31, user187, login
2024-10-03T03:34, user102, logout
2024-10-03T03:39, user123, view
2024-10-03T03:44, user160, click
2024-10-03T03:47, user120, click
2024-10-03T03:51, user105, click
2024-10-03T03:54, user134, login
2024-10-03T03:55, user103, view
2024-10-03T04:00, user109, view
2024-10-03T04:03, user188, login
2024-10-03T04:04, user152, login
2024-10-03T04:09, user165, click
2024-10-03T04:12, user135, logout
2024-10-03T04:15, user149, login
2024-10-03T04:16, user199, click
2024-10-03T04:17, user101, logout
2024-10-03T04:18, user188, logout
2024-10-03T04:23, user191, login
2024-10-03T04:24, user188, click
2024-10-03T04:27, user185, view
2024-10-03T04:32, user170, logout
2024-10-03T04:37, user170, login
2024-10-03T04:40, user104, login
2024-10-03T04:42, user104, view
2024-10-03T04:47, user184, logout
2024-10-03T04:52, user138, logout
2024-10-03T04:57, user187, view
2024-10-03T04:59, user140, logout
2024-10-03T05:02, user194, click
2024-10-03T05:04, user105, view
2024-10-03T05:06, user138, login
2024-10-03T05:11, user174, view
2024-10-03T05:14, user122, view
2024-10-03T05:19, user163, click
2024-10-03T05:24, user194, click
2024-10-03T05:25, user133, click
2024-10-03T05:27, user124, view
2024-10-03T05:31, user132, login
2024-10-03T05:34, user173, login
2024-10-03T05:36, user136, click
2024-10-03T05:41, user129, click
2024-10-03T05:44, user160, login
2024-10-03T05:45, user174, view
2024-10-03T05:48, user172, click
2024-10-03T05:53, user113, click
2024-10-03T05:55, user163, click
2024-10-03T05:59, user158, login
2024-10-03T06:03, user138, login
2024-10-03T06:07, user115, view
2024-10-03T06:09, user125, login
2024-10-03T06:13, user112, logout
2024-10-03T06:18, user188, view
2024-10-03T06:19, user160, login
2024-10-03T06:22, user188, click
2024-10-03T06:24, user182, logout
2024-10-03T06:25, user101, view
2024-10-03T06:29, user146, click
2024-10-03T06:31, user178, click
2024-10-03T06:32, user157, logout
2024-10-03T06:37, user155, logout
2024-10-03T06:39, user164, logout
2024-10-03T06:42, user132, view
2024-10-03T06:45, user163, logout
2024-10-03T06:48, user147, login
2024-10-03T06:49, user167, click
2024-10-03T06:51, user187, logout
2024-10-03T06:53, user135, login
2024-10-03T06:58, user164, logout
2024-10-03T07:02, user107, view
2024-10-03T07:07, user179, logout
2024-10-03T07:08, user114, click
2024-10-03T07:13, user103, view
2024-10-03T07:17, user200, logout
2024-10-03T07:20, user174, view
2024-10-03T07:24, user123, click
2024-10-03T07:29, user159, login
2024-10-03T07:34, user103, logout
2024-10-03T07:39, user112, click
2024-10-03T07:42, user194, login
2024-10-03T07:46, user109, login
2024-10-03T07:48, user107, login
2024-10-03T07:53, user135, click
2024-10-03T07:54, user171, login
2024-10-03T07:57, user160, login
2024-10-03T08:01, user189, logout
2024-10-03T08:02, user194, logout
2024-10-03T08:04, user164, logout
2024-10-03T08:09, user169, login
2024-10-03T08:11, user150, login
2024-10-03T08:12, user129, click
2024-10-03T08:13, user146, logout
2024-10-03T08:16, user115, login
2024-10-03T08:21, user152, login
2024-10-03T08:26, user138, login
2024-10-03T08:31, user141, click
2024-10-03T08:35, user143, logout
2024-10-03T08:36, user120, logout
2024-10-03T08:41, user185, logout
2024-10-03T08:45, user130, login
2024-10-03T08:49, user189, logout
2024-10-03T08:50, user130, click
2024-10-03T08:54, user183, view
2024-10-03T08:59, user165, logout
2024-10-03T09:00, user200, view
2024-10-03T09:05, user127, click
2024-10-03T09:10, user190, view
2024-10-03T09:14, user137, logout
2024-10-03T09:18, user162, click
2024-10-03T09:20, user156, view
2024-10-03T09:21, user101, click
2024-10-03T09:24, user170, click
2024-10-03T09:26, user105, logout
2024-10-03T09:30, user156, login
2024-10-03T09:34, user162, view
2024-10-03T09:35, user196, logout
2024-10-03T09:39, user177, logout
2024-10-03T09:43, user144, logout
2024-10-03T09:44, user174, logout
2024-10-03T09:46, user143, logout
2024-10-03T09:48, user157, view
2024-10-03T09:53, user149, view
2024-10-03T09:54, user150, login
2024-10-03T09:57, user191, click
2024-10-03T10:00, user159, view
2024-10-03T10:03, user187, logout
2024-10-03T10:07, user141, click
2024-10-03T10:09, user185, login
2024-10-03T10:14, user129, click
2024-10-03T10:18, user142, view
2024-10-03T10:19, user184, logout
2024-10-03T10:24, user136, login
2024-10-03T10:28, user146, click
2024-10-03T10:32, user188, click
2024-10-03T10:36, user169, view
2024-10-03T10:39, user178, login
2024-10-03T10:44, user145, logout
2024-10-03T10:47, user166, click
2024-10-03T10:51, user166, login
2024-10-03T10:52, user181, login
2024-10-03T10:56, user146, logout
2024-10-03T11:01, user121, logout
2024-10-03T11:06, user111, login
2024-10-03T11:11, user107, view
2024-10-03T11:14, user116, click
2024-10-03T11:15, user165, click
2024-10-03T11:17, user189, login
2024-10-03T11:22, user190, click
2024-10-03T11:27, user137, view
2024-10-03T11:30, user128, view
2024-10-03T11:35, user174, view
2024-10-03T11:40, user116, view
2024-10-03T11:43, user199, logout
2024-10-03T11:47, user127, view
2024-10-03T11:48, user173, login
2024-10-03T11:52, user173, view
2024-10-03T11:53, user128, view
2024-10-03T11:54, user150, logout
2024-10-03T11:56, user191, view
2024-10-03T11:57, user122, logout
2024-10-03T12:00, user136, logout
2024-10-03T12:01, user132, view
2024-10-03T12:04, user115, login
2024-10-03T12:08, user121, view
2024-10-03T12:11, user103, login
2024-10-03T12:14, user176, login
2024-10-03T12:17, user166, login
2024-10-03T12:21, user142, click
2024-10-03T12:26, user104, click
2024-10-03T12:30, user193, click
2024-10-03T12:33, user107, login
2024-10-03T12:38, user130, logout
2024-10-03T12:39, user114, login
2024-10-03T12:41, user133, logout
2024-10-03T12:43, user155, login
2024-10-03T12:45, user180, view
2024-10-03T12:46, user174, login
2024-10-03T12:48, user187, view
2024-10-03T12:50, user174, logout
2024-10-03T12:55, user195, logout
2024-10-03T12:57, user167, logout
2024-10-03T13:01, user116, view
2024-10-03T13:02, user101, view
2024-10-03T13:06, user187, logout
2024-10-03T13:08, user158, login
2024-10-03T13:10, user177, view
2024-10-03T13:14, user147, login
2024-10-03T13:19, user138, logout
2024-10-03T13:23, user147, logout
2024-10-03T13:25, user106, click
2024-10-03T13:30, user199, login
2024-10-03T13:34, user149, logout
2024-10-03T13:37, user133, view
2024-10-03T13:42, user156, view
2024-10-03T13:47, user146, login
2024-10-03T13:50, user172, click
2024-10-03T13:54, user107, logout
2024-10-03T13:56, user105, logout
2024-10-03T14:01, user193, login
2024-10-03T14:03, user101, click
2024-10-03T14:08, user168, logout
2024-10-03T14:09, user143, click
2024-10-03T14:14, user179, logout
2024-10-03T14:17, user107, logout
2024-10-03T14:21, user167, view
2024-10-03T14:23, user102, logout
2024-10-03T14:28, user170, click
2024-10-03T14:33, user198, click
2024-10-03T14:36, user141, click
2024-10-03T14:37, user144, click
2024-10-03T14:38, user149, login
2024-10-03T14:41, user126, click
2024-10-03T14:43, user158, click
2024-10-03T14:44, user150, logout
2024-10-03T14:46, user108, login
2024-10-03T14:51, user183, logout
2024-10-03T14:56, user151, click
2024-10-03T14:57, user178, logout
2024-10-03T15:01, user114, logout
2024-10-03T15:02, user121, logout
2024-10-03T15:04, user165, login
2024-10-03T15:09, user181, login
2024-10-03T15:14, user166, view
2024-10-03T15:15, user195, view
2024-10-03T15:16, user134, click
2024-10-03T15:20, user159, login
2024-10-03T15:21, user154, click
2024-10-03T15:25, user123, click
2024-10-03T15:28, user188, click
2024-10-03T15:32, user165, view
2024-10-03T15:35, user149, view
2024-10-03T15:36, user134, click
2024-10-03T15:39, user171, logout
2024-10-03T15:41, user109, view
2024-10-03T15:45, user166, login
2024-10-03T15:50, user179, click
2024-10-03T15:52, user131, view
2024-10-03T15:53, user117, logout
2024-10-03T15:58, user156, login
2024-10-03T15:59, user131, login
2024-10-03T16:00, user167, view
2024-10-03T16:05, user175, click
2024-10-03T16:06, user132, click
2024-10-03T16:07, user156, logout
2024-10-03T16:12, user130, view
2024-10-03T16:15, user128, click
2024-10-03T16:17, user160, view
2024-10-03T16:22, user166, login
2024-10-03T16:24, user192, click
2024-10-03T16:27, user196, click
2024-10-03T16:28, user108, logout
2024-10-03T16:30, user120, logout
2024-10-03T16:35, user128, click
2024-10-03T16:40, user112, click
2024-10-03T16:41, user139, click
2024-10-03T16:42, user124, logout
2024-10-03T16:44, user188, logout
2024-10-03T16:47, user137, click
2024-10-03T16:51, user192, login
2024-10-03T16:54, user165, view
2024-10-03T16:55, user121, click
2024-10-03T17:00, user109, click
2024-10-03T17:02, user136, logout
2024-10-03T17:05, user174, login
2024-10-03T17:06, user140, login
2024-10-03T17:11, user188, login
2024-10-03T17:12, user178, logout
2024-10-03T17:13, user122, click
2024-10-03T17:16, user175, logout
2024-10-03T17:21, user196, logout
2024-10-03T17:24, user146, login
2024-10-03T17:26, user178, login
2024-10-03T17:27, user155, click
2024-10-03T17:32, user187, click
2024-10-03T17:37, user154, click
2024-10-03T17:40, user159, logout
2024-10-03T17:45, user124, login
2024-10-03T17:47, user196, logout
2024-10-03T17:51, user160, view
2024-10-03T17:52, user113, login
2024-10-03T17:55, user181, click
2024-10-03T17:59, user129, view
2024-10-03T18:00, user171, click
2024-10-03T18:01, user189, click
2024-10-03T18:05, user114, logout
2024-10-03T18:06, user185, click
2024-10-03T18:08, user188, login
2024-10-03T18:09, user144, view
2024-10-03T18:12, user196, logout
2024-10-03T18:16, user180, login
2024-10-03T18:21, user162, view
2024-10-03T18:24, user172, login
2024-10-03T18:25, user178, logout
2024-10-03T18:30, user129, login
2024-10-03T18:32, user114, login
2024-10-03T18:35, user188, logout
2024-10-03T18:36, user164, login
2024-10-03T18:38, user125, click
2024-10-03T18:43, user198, view
2024-10-03T18:45, user123, logout
2024-10-03T18:48, user105, logout
2024-10-03T18:49, user102, click
2024-10-03T18:51, user193, login
2024-10-03T18:55, user151, login
2024-10-03T18:56, user128, click
2024-10-03T19:00, user199, view
2024-10-03T19:02, user193, view
2024-10-03T19:04, user196, login
2024-10-03T19:08, user144, click
2024-10-03T19:12, user144, login
2024-10-03T19:13, user142, logout
2024-10-03T19:14, user159, view
2024-10-03T19:17, user140, view
2024-10-03T19:18, user189, login
2024-10-03T19:23, user183, click
2024-10-03T19:24, user151, view
2024-10-03T19:25, user117, view
2024-10-03T19:26, user172, click
2024-10-03T19:29, user197, logout
2024-10-03T19:30, user192, login
2024-10-03T19:31, user131, click
2024-10-03T19:35, user127, logout
2024-10-03T19:38, user163, login
2024-10-03T19:43, user198, login
2024-10-03T19:48, user110, login
2024-10-03T19:53, user123, logout
2024-10-03T19:57, user120, click
2024-10-03T19:59, user111, click
2024-10-03T20:00, user125, click
2024-10-03T20:05, user121, login
2024-10-03T20:08, user156, login
2024-10-03T20:10, user176, login
2024-10-03T20:15, user153, view
2024-10-03T20:20, user126, click
2024-10-03T20:25, user134, click
2024-10-03T20:30, user131, login
2024-10-03T20:33, user131, login
2024-10-03T20:34, user188, click
2024-10-03T20:35, user137, view
2024-10-03T20:39, user130, view
2024-10-03T20:42, user125, logout
2024-10-03T20:47, user110, view
2024-10-03T20:49, user102, click
2024-10-03T20:50, user168, login
2024-10-03T20:51, user156, logout
2024-10-03T20:55, user114, click
2024-10-03T20:58, user111, view
2024-10-03T20:59, user135, login
2024-10-03T21:03, user192, click
2024-10-03T21:04, user143, view
2024-10-03T21:09, user110, login
2024-10-03T21:13, user101, click
2024-10-03T21:14, user105, logout
2024-10-03T21:18, user170, login
2024-10-03T21:22, user137, logout
2024-10-03T21:24, user177, login
2024-10-03T21:25, user157, click
2024-10-03T21:29, user154, click
2024-10-03T21:32, user166, logout
2024-10-03T21:36, user120, logout
2024-10-03T21:39, user176, view
2024-10-03T21:44, user199, login
2024-10-03T21:48, user106, view
2024-10-03T21:49, user171, login
2024-10-03T21:54, user180, view
2024-10-03T21:59, user139, view
2024-10-03T22:03, user113, click
2024-10-03T22:08, user137, click
2024-10-03T22:11, user123, logout
2024-10-03T22:16, user127, view
2024-10-03T22:17, user182, click
2024-10-03T22:22, user187, login
2024-10-03T22:23, user106, click
2024-10-03T22:24, user146, view
2024-10-03T22:26, user139, logout
2024-10-03T22:27, user128, logout
2024-10-03T22:29, user189, click
2024-10-03T22:33, user106, click
2024-10-03T22:37, user162, logout
2024-10-03T22:41, user186, click
2024-10-03T22:46, user190, view
2024-10-03T22:49, user126, logout
2024-10-03T22:52, user106, login
2024-10-03T22:55, user182, view
2024-10-03T22:56, user176, click
2024-10-03T22:58, user168, view
2024-10-03T22:59, user128, view
2024-10-03T23:00, user177, view
2024-10-03T23:04, user182, logout
2024-10-03T23:06, user103, click
2024-10-03T23:09, user139, click
2024-10-03T23:10, user156, logout
2024-10-03T23:14, user113, login
2024-10-03T23:18, user191, login
2024-10-03T23:19, user183, logout
2024-10-03T23:24, user113, click
2024-10-03T23:29, user139, view
2024-10-03T23:32, user121, logout
2024-10-03T23:33, user163, logout
2024-10-03T23:37, user135, click
2024-10-03T23:38, user196, view
2024-10-03T23:43, user169, click
2024-10-03T23:46, user118, click
2024-10-03T23:50, user134, logout
2024-10-03T23:52, user134, logout
2024-10-03T23:56, user126, view
2024-10-04T00:00, user141, login
2024-10-04T00:02, user158, login
2024-10-04T00:06, user186, login
2024-10-04T00:07, user124, click
2024-10-04T00:08, user146, login
2024-10-04T00:09, user125, click
2024-10-04T00:10, user173, view
2024-10-04T00:12, user175, view
2024-10-04T00:13, user104, click
2024-10-04T00:16, user113, logout
2024-10-04T00:21, user143, logout
2024-10-04T00:23, user133, click
2024-10-04T00:28, user165, view
2024-10-04T00:33, user156, login
2024-10-04T00:38, user166, login
2024-10-04T00:39, user138, logout
2024-10-04T00:43, user158, click
2024-10-04T00:48, user118, login
2024-10-04T00:51, user181, logout
2024-10-04T00:54, user144, click
2024-10-04T00:58, user163, view
2024-10-04T01:02, user189, login
2024-10-04T01:06, user150, click
2024-10-04T01:11, user176, login
2024-10-04T01:12, user132, login
2024-10-04T01:14, user143, view
2024-10-04T01:19, user171, logout
2024-10-04T01:23, user145, logout
2024-10-04T01:27, user134, click
2024-10-04T01:31, user191, click
2024-10-04T01:35, user109, logout
2024-10-04T01:38, user190, login
2024-10-04T01:42, user111, login
2024-10-04T01:45, user116, click
2024-10-04T01:48, user183, login
2024-10-04T01:51, user157, view
2024-10-04T01:55, user163, view
2024-10-04T01:58, user135, view
2024-10-04T01:59, user124, login
2024-10-04T02:01, user139, click
2024-10-04T02:03, user195, click
2024-10-04T02:04, user114, logout
2024-10-04T02:08, user169, click
2024-10-04T02:12, user174, view
2024-10-04T02:15, user189, logout
2024-10-04T02:17, user173, login
2024-10-04T02:21, user101, logout
2024-10-04T02:22, user194, logout
2024-10-04T02:25, user149, logout
2024-10-04T02:28, user145, view
2024-10-04T02:31, user167, logout
2024-10-04T02:35, user159, view
2024-10-04T02:40, user144, logout
2024-10-04T02:44, user174, logout
2024-10-04T02:46, user121, view
2024-10-04T02:49, user193, click
2024-10-04T02:51, user157, click
2024-10-04T02:56, user122, login
2024-10-04T02:57, user128, click
2024-10-04T03:02, user130, view
2024-10-04T03:07, user101, login
2024-10-04T03:08, user118, view
2024-10-04T03:10, user198, login
2024-10-04T03:13, user185, logout
2024-10-04T03:16, user184, logout
2024-10-04T03:19, user144, logout
2024-10-04T03:20, user131, login
2024-10-04T03:22, user101, login
2024-10-04T03:23, user102, view
2024-10-04T03:24, user186, view
2024-10-04T03:29, user122, click
2024-10-04T03:30, user179, click
2024-10-04T03:31, user195, view
2024-10-04T03:34, user133, click
2024-10-04T03:39, user123, view
2024-10-04T03:43, user186, login
2024-10-04T03:45, user134, logout
2024-10-04T03:46, user183, view
2024-10-04T03:50, user109, login
2024-10-04T03:51, user113, view
2024-10-04T03:52, user126, view
2024-10-04T03:54, user107, view
2024-10-04T03:56, user152, logout
2024-10-04T03:57, user123, click
2024-10-04T03:59, user191, login
2024-10-04T04:03, user171, view
2024-10-04T04:08, user189, logout
2024-10-04T04:12, user190, logout
2024-10-04T04:17, user170, login
2024-10-04T04:18, user188, view
2024-10-04T04:22, user195, click
2024-10-04T04:27, user103, view
2024-10-04T04:30, user104, view
2024-10-04T04:32, user194, view
2024-10-04T04:33, user119, view
2024-10-04T04:38, user149, logout
2024-10-04T04:40, user123, logout
2024-10-04T04:44, user185, view
2024-10-04T04:45, user135, logout
2024-10-04T04:49, user172, login
2024-10-04T04:52, user199, click
2024-10-04T04:56, user196, view
2024-10-04T04:58, user134, view
2024-10-04T05:01, user186, view
2024-10-04T05:04, user125, login
2024-10-04T05:07, user162, view
2024-10-04T05:11, user151, logout
2024-10-04T05:13, user165, view
2024-10-04T05:18, user116, login
2024-10-04T05:22, user160, click
2024-10-04T05:27, user193, login
2024-10-04T05:29, user197, logout
2024-10-04T05:33, user136, login
2024-10-04T05:36, user185, view
2024-10-04T05:37, user192, logout
2024-10-04T05:38, user153, view
2024-10-04T05:42, user145, view
2024-10-04T05:43, user149, view
2024-10-04T05:46, user121, logout
2024-10-04T05:49, user113, view
2024-10-04T05:51, user144, logout
2024-10-04T05:54, user184, logout
2024-10-04T05:58, user176, login
2024-10-04T06:03, user160, click
2024-10-04T06:06, user185, logout
2024-10-04T06:07, user132, logout
2024-10-04T06:08, user163, login
2024-10-04T06:10, user104, click
2024-10-04T06:14, user150, logout
2024-10-04T06:18, user108, login
2024-10-04T06:20, user145, login
2024-10-04T06:22, user182, login
2024-10-04T06:23, user163, login
2024-10-04T06:28, user187, logout
2024-10-04T06:32, user176, view
2024-10-04T06:34, user194, view
2024-10-04T06:36, user184, view
2024-10-04T06:40, user198, view
2024-10-04T06:43, user136, view
2024-10-04T06:44, user159, click
2024-10-04T06:48, user154, logout
2024-10-04T06:50, user179, click
2024-10-04T06:51, user106, logout
2024-10-04T06:53, user152, click
2024-10-04T06:55, user113, login
2024-10-04T06:57, user171, view
2024-10-04T06:59, user170, view
2024-10-04T07:04, user102, login
2024-10-04T07:07, user109, view
2024-10-04T07:10, user130, login
2024-10-04T07:13, user197, login
2024-10-04T07:14, user193, login
2024-10-04T07:15, user150, logout
2024-10-04T07:18, user127, click
2024-10-04T07:20, user111, click
2024-10-04T07:25, user107, login
2024-10-04T07:29, user174, logout
2024-10-04T07:30, user183, login
2024-10-04T07:35, user152, login
2024-10-04T07:37, user135, click
2024-10-04T07:40, user190, login
2024-10-04T07:43, user101, login
2024-10-04T07:45, user190, view
2024-10-04T07:47, user121, click
2024-10-04T07:50, user198, logout
2024-10-04T07:55, user111, login
2024-10-04T07:59, user178, login
2024-10-04T08:03, user128, logout
2024-10-04T08:06, user156, view
2024-10-04T08:09, user125, login
2024-10-04T08:14, user103, click
2024-10-04T08:19, user129, login
2024-10-04T08:21, user159, login
2024-10-04T08:22, user135, logout
2024-10-04T08:24, user189, click
2024-10-04T08:29, user193, view
2024-10-04T08:31, user169, click
2024-10-04T08:34, user183, view
2024-10-04T08:36, user132, login
2024-10-04T08:38, user109, logout
2024-10-04T08:42, user119, logout
2024-10-04T08:47, user160, view
2024-10-04T08:52, user183, logout
2024-10-04T08:57, user111, login
2024-10-04T08:59, user115, view
2024-10-04T09:03, user106, logout
2024-10-04T09:08, user120, logout
2024-10-04T09:12, user197, view
2024-10-04T09:14, user133, logout
2024-10-04T09:19, user199, logout
2024-10-04T09:23, user190, click
2024-10-04T09:27, user190, click
2024-10-04T09:32, user103, logout
2024-10-04T09:34, user177, view
2024-10-04T09:39, user107, view
2024-10-04T09:42, user179, logout
2024-10-04T09:43, user153, logout
2024-10-04T09:47, user175, view
2024-10-04T09:52, user198, logout
2024-10-04T09:56, user157, logout
2024-10-04T10:00, user160, logout
2024-10-04T10:04, user110, click
2024-10-04T10:06, user149, click
2024-10-04T10:11, user119, logout
2024-10-04T10:14, user137, logout
2024-10-04T10:16, user137, logout
2024-10-04T10:18, user130, login
2024-10-04T10:21, user130, view
2024-10-04T10:23, user135, view
2024-10-04T10:24, user119, click
2024-10-04T10:25, user123, login
2024-10-04T10:29, user129, logout
2024-10-04T10:31, user173, view
2024-10-04T10:34, user152, logout
2024-10-04T10:38, user114, view
2024-10-04T10:43, user120, logout
2024-10-04T10:45, user113, click
2024-10-04T10:48, user122, click
2024-10-04T10:50, user144, login
2024-10-04T10:51, user155, click
2024-10-04T10:52, user128, login
2024-10-04T10:55, user163, view
2024-10-04T11:00, user110, click
2024-10-04T11:03, user155, logout
2024-10-04T11:08, user191, view
2024-10-04T11:12, user123, logout
2024-10-04T11:17, user166, view
2024-10-04T11:20, user129, login
2024-10-04T11:23, user153, view
2024-10-04T11:26, user161, login
2024-10-04T11:28, user186, login
2024-10-04T11:32, user174, login
2024-10-04T11:35, user153, click
2024-10-04T11:39, user110, logout
2024-10-04T11:44, user103, login
2024-10-04T11:49, user143, view
2024-10-04T11:52, user178, view
2024-10-04T11:53, user133, logout
2024-10-04T11:54, user110, click
2024-10-04T11:56, user116, logout
2024-10-04T12:01, user113, login
2024-10-04T12:03, user113, click
2024-10-04T12:07, user143, logout
2024-10-04T12:08, user161, logout
2024-10-04T12:10, user131, view
2024-10-04T12:12, user196, view
2024-10-04T12:13, user103, click
2024-10-04T12:15, user149, view
2024-10-04T12:19, user157, login
2024-10-04T12:23, user105, click
2024-10-04T12:24, user193, login
2024-10-04T12:29, user182, logout
2024-10-04T12:34, user133, logout
2024-10-04T12:37, user188, click
2024-10-04T12:41, user130, login
2024-10-04T12:42, user146, logout
2024-10-04T12:46, user115, view
2024-10-04T12:48, user106, logout
2024-10-04T12:52, user191, click
2024-10-04T12:55, user169, logout
2024-10-04T12:59, user142, view
2024-10-04T13:03, user112, logout
2024-10-04T13:04, user139, view
2024-10-04T13:08, user186, view
2024-10-04T13:10, user113, view
2024-10-04T13:12, user104, logout
2024-10-04T13:15, user147, view
2024-10-04T13:20, user143, view
2024-10-04T13:24, user163, login
2024-10-04T13:27, user150, view
2024-10-04T13:31, user185, login
2024-10-04T13:32, user192, login
2024-10-04T13:33, user130, logout
2024-10-04T13:36, user113, click
2024-10-04T13:41, user134, click
2024-10-04T13:44, user197, click
2024-10-04T13:47, user190, logout
2024-10-04T13:48, user146, click
2024-10-04T13:51, user159, login
2024-10-04T13:55, user121, login
2024-10-04T14:00, user105, view
2024-10-04T14:04, user105, logout
2024-10-04T14:05, user141, login
2024-10-04T14:07, user108, logout
2024-10-04T14:09, user134, view
2024-10-04T14:13, user106, logout
2024-10-04T14:14, user196, logout
2024-10-04T14:18, user131, logout
2024-10-04T14:22, user162, click
2024-10-04T14:23, user180, login
2024-10-04T14:25, user131, view
2024-10-04T14:26, user164, click
2024-10-04T14:29, user130, view
2024-10-04T14:34, user105, login
2024-10-04T14:37, user192, click
2024-10-04T14:42, user116, logout
2024-10-04T14:46, user183, click
2024-10-04T14:47, user101, logout
2024-10-04T14:52, user200, view
2024-10-04T14:55, user108, view
2024-10-04T14:57, user114, logout
2024-10-04T14:58, user121, click
2024-10-04T15:03, user142, login
2024-10-04T15:05, user166, logout
2024-10-04T15:07, user170, login
2024-10-04T15:11, user130, view
2024-10-04T15:12, user190, view
2024-10-04T15:16, user162, login
2024-10-04T15:17, user176, logout
2024-10-04T15:18, user102, view
2024-10-04T15:21, user175, view
2024-10-04T15:23, user109, logout
2024-10-04T15:27, user188, click
2024-10-04T15:32, user114, view
2024-10-04T15:37, user146, login
2024-10-04T15:39, user186, login
2024-10-04T15:41, user175, view
2024-10-04T15:42, user116, click
2024-10-04T15:44, user185, view
2024-10-04T15:48, user170, login
2024-10-04T15:53, user169, login
2024-10-04T15:56, user195, logout
2024-10-04T15:59, user165, click
2024-10-04T16:04, user163, login
2024-10-04T16:08, user184, view
2024-10-04T16:12, user167, view
2024-10-04T16:17, user128, view
2024-10-04T16:22, user129, click
2024-10-04T16:25, user185, logout
2024-10-04T16:28, user144, view
2024-10-04T16:29, user114, logout
2024-10-04T16:33, user169, logout
2024-10-04T16:34, user187, view
2024-10-04T16:39, user133, click
2024-10-04T16:42, user196, login
2024-10-04T16:46, user114, view
2024-10-04T16:50, user123, logout
2024-10-04T16:51, user142, logout
2024-10-04T16:52, user113, click
2024-10-04T16:56, user109, view
2024-10-04T17:01, user108, login
2024-10-04T17:02, user119, click
2024-10-04T17:04, user124, login
2024-10-04T17:07, user174, login
2024-10-04T17:10, user174, view
2024-10-04T17:14, user129, login
2024-10-04T17:16, user118, click
2024-10-04T17:20, user113, login
2024-10-04T17:24, user120, click
2024-10-04T17:26, user172, click
2024-10-04T17:28, user171, view
2024-10-04T17:30, user152, login
2024-10-04T17:33, user176, logout
2024-10-04T17:34, user149, click
2024-10-04T17:39, user191, logout
2024-10-04T17:41, user197, logout
2024-10-04T17:46, user158, click
2024-10-04T17:48, user155, click
2024-10-04T17:49, user153, logout
2024-10-04T17:50, user185, login
2024-10-04T17:52, user164, view
2024-10-04T17:54, user102, logout
2024-10-04T17:57, user193, logout
2024-10-04T17:59, user126, click
2024-10-04T18:03, user174, click
2024-10-04T18:04, user189, logout
2024-10-04T18:08, user178, login
2024-10-04T18:09, user180, login
2024-10-04T18:12, user173, view
2024-10-04T18:14, user147, logout
2024-10-04T18:18, user166, view
2024-10-04T18:23, user196, logout
2024-10-04T18:24, user114, logout
2024-10-04T18:29, user180, click
2024-10-04T18:31, user144, login
2024-10-04T18:32, user102, logout
2024-10-04T18:37, user135, view
2024-10-04T18:42, user173, login
2024-10-04T18:44, user128, click
2024-10-04T18:45, user107, logout
2024-10-04T18:47, user199, click
2024-10-04T18:49, user146, login
2024-10-04T18:51, user143, click
2024-10-04T18:56, user142, logout
2024-10-04T18:58, user107, logout
2024-10-04T19:03, user182, click
2024-10-04T19:08, user192, logout
2024-10-04T19:09, user120, click
2024-10-04T19:13, user148, login
2024-10-04T19:18, user191, logout
2024-10-04T19:21, user125, view
2024-10-04T19:23, user105, click
2024-10-04T19:24, user151, click
2024-10-04T19:28, user143, login
2024-10-04T19:30, user173, logout
2024-10-04T19:32, user131, click
2024-10-04T19:36, user157, view
2024-10-04T19:39, user103, login
2024-10-04T19:42, user175, login
2024-10-04T19:45, user178, view
2024-10-04T19:48, user150, login
2024-10-04T19:52, user142, click
2024-10-04T19:57, user148, click
2024-10-04T20:01, user194, login
2024-10-04T20:03, user133, login
2024-10-04T20:04, user119, logout
2024-10-04T20:09, user117, logout
2024-10-04T20:14, user126, view
2024-10-04T20:17, user167, login
2024-10-04T20:22, user112, login
2024-10-04T20:25, user176, login
2024-10-04T20:28, user161, login
2024-10-04T20:32, user190, click
2024-10-04T20:36, user158, click
2024-10-04T20:39, user194, click
2024-10-04T20:42, user156, click
2024-10-04T20:46, user172, click
2024-10-04T20:50, user154, click
2024-10-04T20:54, user142, click
2024-10-04T20:56, user163, view
2024-10-04T20:59, user113, logout
2024-10-04T21:01, user198, view
2024-10-04T21:03, user119, logout
2024-10-04T21:04, user187, login
2024-10-04T21:08, user148, login
2024-10-04T21:10, user118, logout
2024-10-04T21:13, user152, logout
2024-10-04T21:17, user121, click
2024-10-04T21:20, user191, click
2024-10-04T21:24, user104, click
2024-10-04T21:28, user101, view
2024-10-04T21:33, user137, click
2024-10-04T21:34, user191, view
2024-10-04T21:37, user195, view
2024-10-04T21:38, user187, login
2024-10-04T21:40, user194, logout
2024-10-04T21:43, user161, login
2024-10-04T21:45, user161, click
2024-10-04T21:50, user108, logout
2024-10-04T21:55, user112, view
2024-10-04T22:00, user189, view
2024-10-04T22:03, user192, click
2024-10-04T22:08, user116, view
2024-10-04T22:10, user190, click
2024-10-04T22:12, user114, view
2024-10-04T22:16, user146, click
2024-10-04T22:21, user132, view
2024-10-04T22:26, user111, view
2024-10-04T22:28, user129, login
2024-10-04T22:33, user180, view
2024-10-04T22:36, user124, click
2024-10-04T22:41, user197, logout
2024-10-04T22:42, user103, view
2024-10-04T22:45, user138, click
2024-10-04T22:50, user135, click
2024-10-04T22:55, user187, click
2024-10-04T22:57, user166, login
2024-10-04T22:59, user141, click
2024-10-04T23:04, user158, view
2024-10-04T23:08, user141, click
2024-10-04T23:12, user123, login
2024-10-04T23:13, user181, login
2024-10-04T23:15, user118, view
2024-10-04T23:20, user178, click
2024-10-04T23:22, user127, logout
2024-10-04T23:25, user149, login
2024-10-04T23:27, user181, click
2024-10-04T23:29, user172, logout
2024-10-04T23:31, user188, logout
2024-10-04T23:35, user179, logout
2024-10-04T23:36, user173, logout
2024-10-04T23:40, user116, login
2024-10-04T23:44, user173, login
2024-10-04T23:45, user121, click
2024-10-04T23:50, user105, click
2024-10-04T23:54, user189, logout
2024-10-04T23:55, user118, login
2024-10-05T00:00, user154, login
2024-10-05T00:03, user116, login
2024-10-05T00:05, user105, view
2024-10-05T00:09, user143, login
2024-10-05T00:12, user186, logout
2024-10-05T00:14, user193, view
2024-10-05T00:19, user134, logout
2024-10-05T00:21, user136, login
2024-10-05T00:24, user142, click
2024-10-05T00:25, user169, logout
2024-10-05T00:27, user102, login
2024-10-05T00:28, user134, view
2024-10-05T00:29, user176, logout
2024-10-05T00:30, user191, view
2024-10-05T00:33, user125, login
2024-10-05T00:37, user139, click
2024-10-05T00:38, user147, login
2024-10-05T00:43, user129, login
2024-10-05T00:44, user107, logout
2024-10-05T00:46, user195, logout
2024-10-05T00:49, user175, click
2024-10-05T00:50, user138, click
2024-10-05T00:52, user178, logout
2024-10-05T00:55, user161, click
2024-10-05T01:00, user107, view
2024-10-05T01:04, user195, logout
2024-10-05T01:07, user150, click
2024-10-05T01:10, user144, click
2024-10-05T01:14, user190, click
2024-10-05T01:17, user104, login
2024-10-05T01:18, user139, click
2024-10-05T01:20, user123, logout
2024-10-05T01:23, user180, logout
2024-10-05T01:26, user111, view
2024-10-05T01:31, user113, click
2024-10-05T01:36, user106, login
2024-10-05T01:40, user163, view
2024-10-05T01:43, user145, view
2024-10-05T01:46, user141, view
2024-10-05T01:48, user147, login
2024-10-05T01:53, user168, click
2024-10-05T01:56, user150, login
2024-10-05T01:59, user160, login
2024-10-05T02:02, user178, click
2024-10-05T02:07, user113, view
2024-10-05T02:08, user167, logout
2024-10-05T02:10, user102, view
2024-10-05T02:11, user195, click
2024-10-05T02:13, user140, click
2024-10-05T02:14, user138, login
2024-10-05T02:17, user198, click
2024-10-05T02:21, user171, view
2024-10-05T02:25, user116, logout
2024-10-05T02:27, user199, view
2024-10-05T02:30, user163, login
2024-10-05T02:34, user127, click
2024-10-05T02:38, user194, login
2024-10-05T02:43, user200, click
2024-10-05T02:44, user107, login
2024-10-05T02:45, user116, click
2024-10-05T02:49, user179, login
2024-10-05T02:53, user169, click
2024-10-05T02:58, user174, logout
2024-10-05T02:59, user123, login
2024-10-05T03:04, user200, click
2024-10-05T03:05, user154, logout
2024-10-05T03:08, user188, click
2024-10-05T03:10, user104, click
2024-10-05T03:11, user166, view
2024-10-05T03:15, user118, logout
2024-10-05T03:17, user197, login
2024-10-05T03:18, user186, logout
2024-10-05T03:23, user125, login
2024-10-05T03:25, user152, login
2024-10-05T03:28, user200, view
2024-10-05T03:33, user178, login
2024-10-05T03:37, user151, click
2024-10-05T03:40, user103, click
2024-10-05T03:43, user110, logout
2024-10-05T03:48, user144, view
2024-10-05T03:53, user200, view
2024-10-05T03:55, user150, logout
2024-10-05T03:59, user172, click
2024-10-05T04:02, user116, logout
2024-10-05T04:04, user172, view
2024-10-05T04:08, user190, login
2024-10-05T04:10, user111, login
2024-10-05T04:13, user190, click
2024-10-05T04:17, user167, click
2024-10-05T04:22, user175, click
2024-10-05T04:26, user199, login
2024-10-05T04:29, user101, click
2024-10-05T04:30, user172, view
2024-10-05T04:33, user183, login
2024-10-05T04:37, user135, click
2024-10-05T04:39, user136, login
2024-10-05T04:41, user107, logout
2024-10-05T04:45, user155, logout
2024-10-05T04:46, user186, view
2024-10-05T04:51, user182, view
2024-10-05T04:55, user171, logout
2024-10-05T04:58, user130, login
2024-10-05T05:03, user106, logout
2024-10-05T05:04, user163, login
2024-10-05T05:08, user171, click
2024-10-05T05:11, user116, view
2024-10-05T05:12, user161, login
2024-10-05T05:13, user130, logout
2024-10-05T05:16, user160, view
2024-10-05T05:19, user112, view
2024-10-05T05:22, user197, logout
2024-10-05T05:26, user153, view
2024-10-05T05:31, user154, logout
2024-10-05T05:32, user107, click
2024-10-05T05:36, user132, logout
2024-10-05T05:40, user129, logout
2024-10-05T05:42, user153, click
2024-10-05T05:44, user102, click
2024-10-05T05:47, user180, logout
2024-10-05T05:48, user166, login
2024-10-05T05:53, user113, login
2024-10-05T05:54, user164, click
2024-10-05T05:56, user175, view
2024-10-05T06:00, user197, view
2024-10-05T06:02, user192, login
2024-10-05T06:05, user150, login
2024-10-05T06:07, user196, logout
2024-10-05T06:09, user136, view
2024-10-05T06:13, user137, login
2024-10-05T06:14, user156, view
2024-10-05T06:15, user144, logout
2024-10-05T06:18, user127, login
2024-10-05T06:19, user161, login
2024-10-05T06:20, user180, logout
2024-10-05T06:23, user150, click
2024-10-05T06:28, user125, logout
2024-10-05T06:32, user158, view
2024-10-05T06:37, user192, view
2024-10-05T06:39, user128, view
2024-10-05T06:42, user138, click
2024-10-05T06:44, user187, view
2024-10-05T06:49, user106, view
2024-10-05T06:53, user174, click
2024-10-05T06:57, user101, logout
2024-10-05T07:02, user127, click
2024-10-05T07:03, user147, logout
2024-10-05T07:07, user104, click
2024-10-05T07:12, user186, view
2024-10-05T07:15, user159, view
2024-10-05T07:18, user116, logout
2024-10-05T07:20, user178, view
2024-10-05T07:22, user116, login
2024-10-05T07:24, user195, login
2024-10-05T07:28, user180, login
2024-10-05T07:29, user137, login
2024-10-05T07:32, user161, view
2024-10-05T07:33, user132, login
2024-10-05T07:34, user147, click
2024-10-05T07:35, user182, view
2024-10-05T07:40, user171, logout
2024-10-05T07:45, user166, click
2024-10-05T07:49, user124, login
2024-10-05T07:50, user154, click
2024-10-05T07:51, user161, view
2024-10-05T07:54, user160, login
2024-10-05T07:56, user158, view
2024-10-05T07:59, user121, view
2024-10-05T08:03, user111, logout
2024-10-05T08:05, user117, logout
2024-10-05T08:08, user168, login
2024-10-05T08:12, user177, logout
2024-10-05T08:15, user192, click
2024-10-05T08:17, user110, login
2024-10-05T08:19, user137, view
2024-10-05T08:23, user150, logout
2024-10-05T08:27, user183, logout
2024-10-05T08:32, user126, login
2024-10-05T08:34, user186, login
2024-10-05T08:35, user170, view
2024-10-05T08:40, user154, logout
2024-10-05T08:45, user102, click
2024-10-05T08:48, user148, click
2024-10-05T08:51, user150, view
2024-10-05T08:56, user185, view
2024-10-05T08:59, user102, logout
2024-10-05T09:03, user144, view
2024-10-05T09:08, user129, view
2024-10-05T09:10, user115, view
2024-10-05T09:14, user167, logout
2024-10-05T09:17, user107, view
2024-10-05T09:18, user187, logout
2024-10-05T09:23, user124, logout
2024-10-05T09:24, user193, view
2024-10-05T09:27, user112, login
2024-10-05T09:29, user130, login
2024-10-05T09:31, user199, click
2024-10-05T09:33, user131, view
2024-10-05T09:38, user102, click
2024-10-05T09:42, user110, logout
2024-10-05T09:45, user136, login
2024-10-05T09:48, user179, login
2024-10-05T09:52, user189, click
2024-10-05T09:55, user168, view
2024-10-05T09:56, user128, click
2024-10-05T10:01, user108, view
2024-10-05T10:06, user164, logout
2024-10-05T10:08, user178, view
2024-10-05T10:13, user114, click
2024-10-05T10:17, user180, view
2024-10-05T10:18, user163, click
2024-10-05T10:23, user146, click
2024-10-05T10:27, user173, logout
2024-10-05T10:32, user192, view
2024-10-05T10:33, user109, login
2024-10-05T10:38, user151, view
2024-10-05T10:42, user118, click
2024-10-05T10:47, user161, view
2024-10-05T10:52, user143, logout
2024-10-05T10:53, user103, logout
2024-10-05T10:58, user198, click
2024-10-05T11:01, user184, view
2024-10-05T11:06, user195, view
2024-10-05T11:11, user159, click
2024-10-05T11:15, user153, logout
2024-10-05T11:17, user139, view
2024-10-05T11:19, user121, click
2024-10-05T11:21, user176, logout
2024-10-05T11:24, user176, logout
2024-10-05T11:26, user136, login
2024-10-05T11:30, user168, logout
2024-10-05T11:34, user137, view
2024-10-05T11:37, user122, login
2024-10-05T11:39, user199, view
2024-10-05T11:42, user106, click
2024-10-05T11:46, user104, login
2024-10-05T11:48, user115, login
2024-10-05T11:51, user113, logout
2024-10-05T11:53, user141, view
2024-10-05T11:54, user137, view
2024-10-05T11:58, user153, login
2024-10-05T11:59, user179, login
2024-10-05T12:01, user155, click
2024-10-05T12:05, user119, login
2024-10-05T12:08, user145, logout
2024-10-05T12:10, user130, logout
2024-10-05T12:15, user185, logout
2024-10-05T12:18, user172, click
2024-10-05T12:21, user133, logout
2024-10-05T12:25, user168, view
2024-10-05T12:30, user185, logout
2024-10-05T12:32, user200, view
2024-10-05T12:36, user173, logout
2024-10-05T12:38, user109, logout
2024-10-05T12:41, user140, login
2024-10-05T12:44, user122, login
2024-10-05T12:45, user125, login
2024-10-05T12:47, user126, click
2024-10-05T12:49, user198, view
2024-10-05T12:50, user172, view
2024-10-05T12:54, user138, view
2024-10-05T12:56, user194, click
2024-10-05T12:57, user136, click
2024-10-05T13:00, user131, view
2024-10-05T13:01, user111, logout
2024-10-05T13:06, user104, logout
2024-10-05T13:11, user123, click
2024-10-05T13:16, user180, view
2024-10-05T13:20, user195, click
2024-10-05T13:22, user125, logout
2024-10-05T13:26, user102, click
2024-10-05T13:30, user176, click
2024-10-05T13:34, user139, login
2024-10-05T13:38, user120, click
2024-10-05T13:39, user139, click
2024-10-05T13:43, user174, logout
2024-10-05T13:48, user200, view
2024-10-05T13:52, user156, login
2024-10-05T13:57, user117, view
2024-10-05T13:58, user162, login
2024-10-05T14:03, user105, login
2024-10-05T14:07, user199, view
2024-10-05T14:12, user161, login
2024-10-05T14:13, user159, logout
2024-10-05T14:14, user195, view
2024-10-05T14:18, user117, logout
2024-10-05T14:22, user172, logout
2024-10-05T14:23, user196, view
2024-10-05T14:25, user105, view
2024-10-05T14:28, user160, view
2024-10-05T14:32, user131, view
2024-10-05T14:37, user102, click
2024-10-05T14:42, user178, logout
2024-10-05T14:46, user131, login
2024-10-05T14:47, user163, view
2024-10-05T14:51, user128, view
2024-10-05T14:55, user137, logout
2024-10-05T15:00, user164, click
2024-10-05T15:01, user111, view
2024-10-05T15:06, user124, click
2024-10-05T15:08, user144, login
2024-10-05T15:13, user196, click
2024-10-05T15:14, user145, click
2024-10-05T15:17, user189, login
2024-10-05T15:20, user162, click
2024-10-05T15:21, user103, view
2024-10-05T15:22, user160, login
2024-10-05T15:26, user194, logout
2024-10-05T15:28, user137, view
2024-10-05T15:32, user124, click
2024-10-05T15:33, user167, view
2024-10-05T15:38, user138, view
2024-10-05T15:41, user107, view
2024-10-05T15:46, user112, click
2024-10-05T15:49, user124, login
2024-10-05T15:53, user172, logout
2024-10-05T15:57, user119, login
2024-10-05T16:00, user117, login
2024-10-05T16:02, user150, view
2024-10-05T16:03, user128, view
2024-10-05T16:06, user141, click
2024-10-05T16:10, user166, view
2024-10-05T16:13, user103, click
2024-10-05T16:15, user167, logout
2024-10-05T16:16, user183, view
2024-10-05T16:21, user122, login
2024-10-05T16:25, user183, view
2024-10-05T16:30, user173, login
2024-10-05T16:35, user117, logout
2024-10-05T16:39, user170, click
2024-10-05T16:41, user122, logout
2024-10-05T16:43, user143, logout
2024-10-05T16:47, user180, click
2024-10-05T16:48, user127, click
2024-10-05T16:52, user122, logout
2024-10-05T16:57, user140, login
2024-10-05T17:00, user194, login
2024-10-05T17:03, user130, click
2024-10-05T17:07, user154, click
2024-10-05T17:09, user190, logout
2024-10-05T17:13, user162, click
2024-10-05T17:16, user139, login
2024-10-05T17:17, user175, view
2024-10-05T17:20, user175, click
2024-10-05T17:23, user125, click
2024-10-05T17:26, user198, click
2024-10-05T17:27, user181, login
2024-10-05T17:29, user176, logout
2024-10-05T17:32, user163, login
2024-10-05T17:35, user170, click
2024-10-05T17:37, user125, login
2024-10-05T17:40, user101, click
2024-10-05T17:43, user188, view
2024-10-05T17:47, user127, login
2024-10-05T17:52, user186, logout
2024-10-05T17:56, user179, view
2024-10-05T17:59, user183, view
2024-10-05T18:02, user124, click
2024-10-05T18:04, user119, click
2024-10-05T18:08, user198, login
2024-10-05T18:11, user112, logout
2024-10-05T18:14, user108, view
2024-10-05T18:15, user102, click
2024-10-05T18:20, user155, click
2024-10-05T18:21, user164, login
2024-10-05T18:25, user112, view
2024-10-05T18:30, user111, logout
2024-10-05T18:33, user187, login
2024-10-05T18:38, user140, logout
2024-10-05T18:42, user181, logout
2024-10-05T18:46, user154, logout
2024-10-05T18:50, user112, view
2024-10-05T18:51, user198, login
2024-10-05T18:55, user190, logout
2024-10-05T19:00, user167, login
2024-10-05T19:03, user146, logout
2024-10-05T19:08, user102, view
2024-10-05T19:11, user169, login
2024-10-05T19:15, user102, click
2024-10-05T19:16, user166, logout
2024-10-05T19:19, user150, click
2024-10-05T19:23, user102, logout
2024-10-05T19:26, user180, login
2024-10-05T19:31, user168, login
2024-10-05T19:33, user145, logout
2024-10-05T19:38, user130, login
2024-10-05T19:40, user156, logout
2024-10-05T19:41, user144, login
2024-10-05T19:42, user163, click
2024-10-05T19:43, user140, logout
2024-10-05T19:46, user102, logout
2024-10-05T19:50, user114, view
2024-10-05T19:55, user144, logout
2024-10-05T19:58, user181, click
2024-10-05T20:01, user113, view
2024-10-05T20:02, user172, logout
2024-10-05T20:06, user168, logout
2024-10-05T20:10, user168, view
2024-10-05T20:14, user174, click
2024-10-05T20:18, user142, view
2024-10-05T20:22, user101, click
2024-10-05T20:26, user146, logout
2024-10-05T20:29, user107, view
2024-10-05T20:31, user143, logout
2024-10-05T20:33, user117, view
2024-10-05T20:35, user114, login
2024-10-05T20:37, user196, click
2024-10-05T20:38, user112, view
2024-10-05T20:42, user181, view
2024-10-05T20:45, user145, logout
2024-10-05T20:49, user173, login
2024-10-05T20:54, user123, click
2024-10-05T20:57, user178, click
2024-10-05T20:58, user134, login
2024-10-05T21:01, user104, click
2024-10-05T21:02, user106, login
2024-10-05T21:05, user173, logout
2024-10-05T21:06, user169, click
2024-10-05T21:11, user192, view
2024-10-05T21:13, user109, logout
2024-10-05T21:14, user108, logout
2024-10-05T21:15, user163, click
2024-10-05T21:19, user124, click
2024-10-05T21:20, user174, login
2024-10-05T21:23, user142, logout
2024-10-05T21:24, user183, logout
2024-10-05T21:26, user154, view
2024-10-05T21:29, user150, click
2024-10-05T21:33, user155, click
2024-10-05T21:38, user188, click
2024-10-05T21:43, user167, logout
2024-10-05T21:45, user160, logout
2024-10-05T21:46, user116, logout
2024-10-05T21:50, user160, view
2024-10-05T21:53, user107, logout
2024-10-05T21:57, user146, click
2024-10-05T22:01, user121, logout
2024-10-05T22:04, user173, click
2024-10-05T22:06, user116, view
2024-10-05T22:11, user151, logout
2024-10-05T22:13, user113, view
2024-10-05T22:18, user189, view
2024-10-05T22:20, user135, login
2024-10-05T22:25, user135, logout
2024-10-05T22:28, user169, view
2024-10-05T22:30, user115, view
2024-10-05T22:33, user191, click
2024-10-05T22:35, user175, view
2024-10-05T22:38, user108, view
2024-10-05T22:40, user123, logout
2024-10-05T22:42, user198, click
2024-10-05T22:43, user133, view
2024-10-05T22:48, user196, click
2024-10-05T22:51, user145, view
2024-10-05T22:54, user194, view
2024-10-05T22:58, user154, view
2024-10-05T22:59, user104, view
2024-10-05T23:03, user200, logout
2024-10-05T23:04, user186, view
2024-10-05T23:08, user142, logout
2024-10-05T23:13, user133, logout
2024-10-05T23:15, user199, click
2024-10-05T23:18, user151, view
2024-10-05T23:21, user181, login
2024-10-05T23:26, user130, login
2024-10-05T23:28, user157, login
2024-10-05T23:33, user155, logout
2024-10-05T23:34, user130, view
2024-10-05T23:37, user171, click
2024-10-05T23:41, user130, view
2024-10-05T23:46, user133, login
2024-10-05T23:51, user172, logout
2024-10-05T23:53, user166, logout
2024-10-05T23:54, user141, click
2024-10-05T23:59, user104, login
2024-10-06T00:00, user183, login
2024-10-06T00:05, user145, view
2024-10-06T00:09, user108, login
2024-10-06T00:11, user150, logout
2024-10-06T00:16, user189, logout
2024-10-06T00:17, user116, view
2024-10-06T00:21, user156, view
2024-10-06T00:23, user181, logout
2024-10-06T00:26, user179, view
2024-10-06T00:30, user196, login
2024-10-06T00:32, user142, login
2024-10-06T00:35, user174, view
2024-10-06T00:38, user155, click
2024-10-06T00:40, user171, view
2024-10-06T00:44, user149, view
2024-10-06T00:49, user194, logout
2024-10-06T00:51, user166, logout
2024-10-06T00:53, user143, logout
2024-10-06T00:56, user138, click
2024-10-06T00:58, user142, login
2024-10-06T01:01, user174, login
2024-10-06T01:04, user166, login
2024-10-06T01:06, user102, click
2024-10-06T01:09, user155, login
2024-10-06T01:10, user140, logout
2024-10-06T01:15, user106, login
2024-10-06T01:19, user130, click
2024-10-06T01:22, user184, click
2024-10-06T01:26, user173, login
2024-10-06T01:30, user198, click
2024-10-06T01:34, user167, click
2024-10-06T01:36, user176, logout
2024-10-06T01:37, user105, login
2024-10-06T01:41, user125, view
2024-10-06T01:42, user189, login
2024-10-06T01:45, user178, logout
2024-10-06T01:48, user151, click
2024-10-06T01:51, user165, view
2024-10-06T01:55, user104, logout
2024-10-06T01:58, user148, logout
2024-10-06T02:02, user107, view
2024-10-06T02:06, user184, view
2024-10-06T02:08, user140, logout
2024-10-06T02:11, user110, login
2024-10-06T02:13, user150, view
2024-10-06T02:16, user123, login
2024-10-06T02:21, user192, logout
2024-10-06T02:23, user160, click
2024-10-06T02:25, user125, logout
2024-10-06T02:27, user124, logout
2024-10-06T02:29, user151, view
2024-10-06T02:30, user148, click
2024-10-06T02:32, user101, login
2024-10-06T02:33, user197, view
2024-10-06T02:37, user188, click
2024-10-06T02:40, user158, view
2024-10-06T02:41, user169, click
2024-10-06T02:43, user121, view
2024-10-06T02:48, user199, login
2024-10-06T02:53, user136, click
2024-10-06T02:58, user168, click
2024-10-06T03:00, user184, logout
2024-10-06T03:03, user130, logout
2024-10-06T03:08, user152, view
2024-10-06T03:10, user186, logout
2024-10-06T03:11, user121, logout
2024-10-06T03:14, user188, logout
2024-10-06T03:19, user176, login
2024-10-06T03:24, user149, login
2024-10-06T03:29, user119, click
2024-10-06T03:33, user138, logout
2024-10-06T03:37, user198, logout
2024-10-06T03:38, user193, login
2024-10-06T03:43, user184, login
2024-10-06T03:44, user161, login
2024-10-06T03:48, user149, view
2024-10-06T03:51, user169, view
2024-10-06T03:55, user149, login
2024-10-06T03:56, user197, login
2024-10-06T03:58, user169, login
2024-10-06T04:02, user188, click
2024-10-06T04:05, user173, login
2024-10-06T04:09, user117, login
2024-10-06T04:14, user130, click
2024-10-06T04:19, user158, view
2024-10-06T04:22, user112, login
2024-10-06T04:24, user121, view
2024-10-06T04:25, user126, logout
2024-10-06T04:30, user174, login
2024-10-06T04:32, user175, click
2024-10-06T04:34, user187, logout
2024-10-06T04:35, user133, login
2024-10-06T04:39, user118, login
2024-10-06T04:41, user123, login
2024-10-06T04:46, user111, view
2024-10-06T04:50, user193, click
2024-10-06T04:55, user102, login
2024-10-06T04:58, user188, click
2024-10-06T04:59, user177, click
2024-10-06T05:00, user115, logout
2024-10-06T05:01, user152, view
2024-10-06T05:04, user119, click
2024-10-06T05:07, user125, click
2024-10-06T05:10, user118, login
2024-10-06T05:14, user114, login
2024-10-06T05:19, user176, logout
2024-10-06T05:21, user135, click
2024-10-06T05:22, user195, logout
2024-10-06T05:26, user141, logout
2024-10-06T05:30, user145, login
2024-10-06T05:35, user160, view
2024-10-06T05:40, user169, login
2024-10-06T05:42, user185, login
2024-10-06T05:43, user138, view
2024-10-06T05:46, user191, view
2024-10-06T05:47, user147, login
2024-10-06T05:49, user147, click
2024-10-06T05:52, user151, login
2024-10-06T05:57, user113, view
2024-10-06T05:59, user140, click
2024-10-06T06:04, user122, login
2024-10-06T06:05, user135, logout
2024-10-06T06:09, user165, login
2024-10-06T06:11, user127, view
2024-10-06T06:12, user167, view
2024-10-06T06:17, user116, logout
2024-10-06T06:20, user107, logout
2024-10-06T06:23, user151, click
2024-10-06T06:25, user162, click
2024-10-06T06:30, user114, click
2024-10-06T06:32, user127, click
2024-10-06T06:37, user122, login
2024-10-06T06:39, user136, click
2024-10-06T06:44, user186, click
2024-10-06T06:49, user119, click
2024-10-06T06:54, user124, login
2024-10-06T06:58, user196, logout
2024-10-06T07:03, user199, login
2024-10-06T07:07, user162, logout
2024-10-06T07:12, user180, view
2024-10-06T07:17, user196, click
2024-10-06T07:19, user178, logout
2024-10-06T07:22, user199, login
2024-10-06T07:26, user132, view
2024-10-06T07:31, user189, logout
2024-10-06T07:32, user127, click
2024-10-06T07:34, user127, view
2024-10-06T07:35, user162, logout
2024-10-06T07:36, user169, logout
2024-10-06T07:37, user181, logout
2024-10-06T07:38, user179, login
2024-10-06T07:43, user169, login
2024-10-06T07:48, user173, click
2024-10-06T07:53, user195, view
2024-10-06T07:56, user175, click
2024-10-06T07:57, user200, view
2024-10-06T07:58, user188, login
2024-10-06T08:00, user132, view
2024-10-06T08:05, user179, view
2024-10-06T08:09, user200, logout
2024-10-06T08:14, user123, login
2024-10-06T08:17, user193, login
2024-10-06T08:21, user185, logout
2024-10-06T08:23, user187, click
2024-10-06T08:25, user183, login
2024-10-06T08:29, user162, view
2024-10-06T08:31, user195, view
2024-10-06T08:36, user115, view
2024-10-06T08:39, user105, logout
2024-10-06T08:43, user172, logout
2024-10-06T08:47, user175, logout
2024-10-06T08:52, user156, click
2024-10-06T08:57, user156, view
2024-10-06T08:58, user171, login
2024-10-06T09:01, user148, view
2024-10-06T09:02, user124, login
2024-10-06T09:06, user103, login
2024-10-06T09:11, user166, view
2024-10-06T09:14, user148, logout
2024-10-06T09:15, user134, view
2024-10-06T09:19, user171, view
2024-10-06T09:20, user111, click
2024-10-06T09:25, user183, view
2024-10-06T09:29, user141, view
2024-10-06T09:32, user171, login
2024-10-06T09:34, user110, login
2024-10-06T09:37, user195, logout
2024-10-06T09:38, user138, click
2024-10-06T09:40, user143, view
2024-10-06T09:42, user133, login
2024-10-06T09:44, user195, view
2024-10-06T09:49, user169, click
2024-10-06T09:50, user147, view
2024-10-06T09:55, user123, login
2024-10-06T10:00, user180, login
2024-10-06T10:04, user137, view
2024-10-06T10:07, user176, logout
2024-10-06T10:10, user122, logout
2024-10-06T10:11, user159, logout
2024-10-06T10:12, user102, login
2024-10-06T10:14, user193, login
2024-10-06T10:19, user151, click
2024-10-06T10:23, user116, login
2024-10-06T10:24, user153, view
2024-10-06T10:28, user193, login
2024-10-06T10:32, user128, login
2024-10-06T10:34, user183, view
2024-10-06T10:36, user135, view
2024-10-06T10:41, user138, login
2024-10-06T10:43, user140, login
2024-10-06T10:48, user186, logout
2024-10-06T10:52, user191, click
2024-10-06T10:53, user147, logout
2024-10-06T10:55, user123, view
2024-10-06T11:00, user111, login
2024-10-06T11:05, user112, login
2024-10-06T11:08, user110, login
2024-10-06T11:11, user142, view
2024-10-06T11:12, user113, click
2024-10-06T11:13, user176, click
2024-10-06T11:17, user173, click
2024-10-06T11:20, user184, logout
2024-10-06T11:25, user145, click
2024-10-06T11:28, user166, click
2024-10-06T11:32, user129, click
2024-10-06T11:33, user180, click
2024-10-06T11:37, user140, logout
2024-10-06T11:39, user159, click
2024-10-06T11:40, user188, logout
2024-10-06T11:42, user151, logout
2024-10-06T11:46, user150, view
2024-10-06T11:50, user160, view
2024-10-06T11:53, user127, login
2024-10-06T11:54, user145, logout
2024-10-06T11:56, user131, click
2024-10-06T12:00, user199, logout
2024-10-06T12:04, user106, view
2024-10-06T12:09, user163, click
2024-10-06T12:14, user120, view
2024-10-06T12:16, user137, login
2024-10-06T12:20, user104, click
2024-10-06T12:24, user122, click
2024-10-06T12:25, user183, view
2024-10-06T12:28, user162, click
2024-10-06T12:31, user170, click
2024-10-06T12:34, user118, click
2024-10-06T12:35, user127, login
2024-10-06T12:37, user105, logout
2024-10-06T12:40, user164, click
2024-10-06T12:41, user197, view
2024-10-06T12:43, user161, logout
2024-10-06T12:46, user183, click
2024-10-06T12:49, user153, click
2024-10-06T12:51, user122, view
2024-10-06T12:53, user156, click
2024-10-06T12:54, user111, logout
2024-10-06T12:59, user101, logout
2024-10-06T13:03, user135, logout
2024-10-06T13:06, user104, click
2024-10-06T13:09, user126, click
2024-10-06T13:13, user119, click
2024-10-06T13:15, user184, view
2024-10-06T13:20, user173, view
2024-10-06T13:21, user102, logout
2024-10-06T13:25, user142, click
2024-10-06T13:28, user127, view
2024-10-06T13:31, user115, view
2024-10-06T13:35, user120, view
2024-10-06T13:36, user110, logout
2024-10-06T13:37, user152, view
2024-10-06T13:38, user183, view
2024-10-06T13:43, user103, click
2024-10-06T13:44, user132, login
2024-10-06T13:49, user196, login
2024-10-06T13:53, user189, login
2024-10-06T13:56, user123, click
2024-10-06T13:58, user122, click
2024-10-06T13:59, user136, click
2024-10-06T14:03, user148, view
2024-10-06T14:07, user196, view
2024-10-06T14:12, user175, login
2024-10-06T14:14, user183, view
2024-10-06T14:18, user166, logout
2024-10-06T14:23, user198, logout
2024-10-06T14:26, user198, logout
2024-10-06T14:31, user135, login
2024-10-06T14:33, user190, view
2024-10-06T14:36, user153, login
2024-10-06T14:37, user165, click
2024-10-06T14:41, user172, click
2024-10-06T14:42, user185, view
2024-10-06T14:44, user196, click
2024-10-06T14:46, user113, logout
2024-10-06T14:47, user178, view
2024-10-06T14:48, user101, login
2024-10-06T14:52, user156, logout
2024-10-06T14:56, user188, click
2024-10-06T15:00, user102, view
2024-10-06T15:02, user121, view
2024-10-06T15:04, user180, logout
2024-10-06T15:09, user198, click
2024-10-06T15:10, user166, login
2024-10-06T15:15, user173, login
2024-10-06T15:16, user104, login
2024-10-06T15:17, user123, logout
2024-10-06T15:22, user104, logout
2024-10-06T15:24, user103, click
2024-10-06T15:26, user135, view
2024-10-06T15:31, user156, logout
2024-10-06T15:34, user121, logout
2024-10-06T15:38, user150, login
2024-10-06T15:39, user194, logout
2024-10-06T15:43, user147, view
2024-10-06T15:44, user108, view
2024-10-06T15:46, user132, login
2024-10-06T15:48, user155, login
2024-10-06T15:53, user138, logout
2024-10-06T15:54, user180, logout
2024-10-06T15:57, user151, login
2024-10-06T15:59, user173, click
2024-10-06T16:04, user109, click
2024-10-06T16:08, user174, login
2024-10-06T16:10, user130, click
2024-10-06T16:12, user175, login
2024-10-06T16:15, user138, logout
2024-10-06T16:19, user157, logout
2024-10-06T16:24, user170, login
2024-10-06T16:28, user151, logout
2024-10-06T16:33, user184, logout
2024-10-06T16:36, user191, login
2024-10-06T16:41, user192, click
2024-10-06T16:42, user171, click
2024-10-06T16:46, user174, logout
2024-10-06T16:50, user148, logout
2024-10-06T16:55, user170, login
2024-10-06T16:57, user179, logout
2024-10-06T17:02, user194, view
2024-10-06T17:04, user149, view
2024-10-06T17:06, user119, login
2024-10-06T17:11, user177, login
2024-10-06T17:16, user134, click
2024-10-06T17:18, user172, click
2024-10-06T17:19, user164, login
2024-10-06T17:24, user111, logout
2024-10-06T17:26, user135, view
2024-10-06T17:28, user179, click
2024-10-06T17:30, user200, click
2024-10-06T17:35, user103, click
2024-10-06T17:37, user129, click
2024-10-06T17:40, user123, login
2024-10-06T17:44, user183, login
2024-10-06T17:46, user155, login
2024-10-06T17:47, user138, click
2024-10-06T17:50, user103, click
2024-10-06T17:55, user140, login
2024-10-06T17:58, user157, logout
2024-10-06T18:03, user176, login
2024-10-06T18:07, user168, click
2024-10-06T18:10, user175, click
2024-10-06T18:13, user106, logout
2024-10-06T18:14, user172, click
2024-10-06T18:15, user116, login
2024-10-06T18:19, user131, login
2024-10-06T18:20, user106, logout
2024-10-06T18:22, user107, logout
2024-10-06T18:24, user145, view
2024-10-06T18:26, user110, view
2024-10-06T18:31, user126, login
2024-10-06T18:33, user177, view
2024-10-06T18:34, user146, login
2024-10-06T18:37, user171, view
2024-10-06T18:41, user116, login
2024-10-06T18:43, user152, login
2024-10-06T18:45, user112, click
2024-10-06T18:49, user188, click
2024-10-06T18:51, user106, click
2024-10-06T18:56, user195, view
2024-10-06T18:58, user158, login
2024-10-06T19:00, user179, login
2024-10-06T19:05, user133, click
2024-10-06T19:08, user190, logout
2024-10-06T19:10, user160, logout
2024-10-06T19:15, user107, logout
2024-10-06T19:18, user185, login
2024-10-06T19:23, user144, click
2024-10-06T19:27, user197, click
2024-10-06T19:31, user104, click
2024-10-06T19:34, user132, logout
2024-10-06T19:37, user183, login
2024-10-06T19:41, user119, click
2024-10-06T19:46, user106, click
2024-10-06T19:49, user189, login
2024-10-06T19:53, user156, logout
2024-10-06T19:56, user124, click
2024-10-06T19:59, user120, login
2024-10-06T20:00, user125, view
2024-10-06T20:02, user185, logout
2024-10-06T20:07, user154, click
2024-10-06T20:11, user120, view
2024-10-06T20:14, user124, view
2024-10-06T20:19, user183, logout
2024-10-06T20:20, user198, logout
2024-10-06T20:23, user163, click
2024-10-06T20:27, user180, login
2024-10-06T20:29, user124, click
2024-10-06T20:32, user122, logout
2024-10-06T20:37, user196, view
2024-10-06T20:38, user146, logout
2024-10-06T20:39, user158, logout
2024-10-06T20:41, user105, view
2024-10-06T20:42, user124, view
2024-10-06T20:44, user123, login
2024-10-06T20:46, user193, logout
2024-10-06T20:49, user117, login
2024-10-06T20:51, user126, logout
2024-10-06T20:54, user186, view
2024-10-06T20:55, user102, view
2024-10-06T20:57, user134, click
2024-10-06T21:00, user144, click
2024-10-06T21:04, user134, login
2024-10-06T21:05, user117, click
2024-10-06T21:09, user189, logout
2024-10-06T21:13, user178, view
2024-10-06T21:17, user137, view
2024-10-06T21:22, user118, login
2024-10-06T21:23, user166, view
2024-10-06T21:28, user183, view
2024-10-06T21:30, user200, login
2024-10-06T21:35, user180, click
2024-10-06T21:36, user141, login
2024-10-06T21:41, user151, login
2024-10-06T21:44, user127, view
2024-10-06T21:45, user174, login
2024-10-06T21:46, user190, logout
2024-10-06T21:50, user116, click
2024-10-06T21:55, user171, click
2024-10-06T21:56, user181, login
2024-10-06T21:57, user148, click
2024-10-06T22:02, user108, click
2024-10-06T22:05, user108, login
2024-10-06T22:08, user143, logout
2024-10-06T22:12, user159, view
2024-10-06T22:17, user176, click
2024-10-06T22:19, user103, logout
2024-10-06T22:21, user121, logout
2024-10-06T22:24, user166, login
2024-10-06T22:29, user183, click
2024-10-06T22:32, user160, login
2024-10-06T22:37, user154, click
2024-10-06T22:39, user195, login
2024-10-06T22:42, user123, click
2024-10-06T22:47, user194, login
2024-10-06T22:52, user136, view
2024-10-06T22:54, user190, view
2024-10-06T22:59, user198, logout
2024-10-06T23:00, user131, click
2024-10-06T23:02, user133, view
2024-10-06T23:04, user168, click
2024-10-06T23:05, user166, logout
2024-10-06T23:09, user117, view
2024-10-06T23:10, user151, view
2024-10-06T23:15, user168, view
2024-10-06T23:19, user174, view
2024-10-06T23:20, user159, logout
2024-10-06T23:23, user104, login
2024-10-06T23:25, user118, view
2024-10-06T23:28, user124, logout
2024-10-06T23:29, user193, view
2024-10-06T23:32, user169, click
2024-10-06T23:37, user191, click
2024-10-06T23:42, user159, login
2024-10-06T23:43, user162, login
2024-10-06T23:44, user112, login
2024-10-06T23:45, user178, login
2024-10-06T23:48, user154, view
2024-10-06T23:51, user115, view
2024-10-06T23:53, user110, login
2024-10-06T23:58, user177, logout
2024-10-07T00:02, user104, click
2024-10-07T00:04, user159, click
2024-10-07T00:05, user176, view
2024-10-07T00:06, user193, login
2024-10-07T00:07, user178, logout
2024-10-07T00:09, user173, click
2024-10-07T00:14, user154, view
2024-10-07T00:19, user108, click
2024-10-07T00:21, user183, view
2024-10-07T00:22, user117, logout
2024-10-07T00:26, user193, login
2024-10-07T00:28, user152, logout
2024-10-07T00:29, user193, click
2024-10-07T00:30, user115, login
2024-10-07T00:33, user105, logout
2024-10-07T00:38, user151, logout
2024-10-07T00:42, user102, logout
2024-10-07T00:47, user181, login
2024-10-07T00:52, user185, logout
2024-10-07T00:57, user115, login
2024-10-07T01:00, user195, view
2024-10-07T01:02, user141, view
2024-10-07T01:06, user121, logout
2024-10-07T01:09, user153, click
2024-10-07T01:12, user131, logout
2024-10-07T01:15, user113, click
2024-10-07T01:19, user103, login
2024-10-07T01:20, user131, logout
2024-10-07T01:25, user127, click
2024-10-07T01:28, user125, logout
2024-10-07T01:31, user116, logout
2024-10-07T01:33, user196, logout
2024-10-07T01:37, user198, login
2024-10-07T01:42, user147, view
2024-10-07T01:47, user180, view
2024-10-07T01:51, user166, click
2024-10-07T01:56, user136, view
2024-10-07T01:58, user109, logout
2024-10-07T02:01, user176, login
2024-10-07T02:02, user140, login
2024-10-07T02:04, user178, view
2024-10-07T02:08, user158, click
2024-10-07T02:09, user166, logout
2024-10-07T02:13, user180, logout
2024-10-07T02:17, user195, click
2024-10-07T02:18, user114, login
2024-10-07T02:22, user164, login
2024-10-07T02:26, user135, view
2024-10-07T02:30, user143, click
2024-10-07T02:33, user145, view
2024-10-07T02:35, user193, view
2024-10-07T02:36, user117, logout
2024-10-07T02:38, user159, click
2024-10-07T02:42, user188, click
2024-10-07T02:47, user176, logout
2024-10-07T02:51, user184, login
2024-10-07T02:56, user192, view
2024-10-07T02:58, user157, view
2024-10-07T03:02, user138, click
2024-10-07T03:05, user126, logout
2024-10-07T03:09, user149, logout
2024-10-07T03:13, user134, click
2024-10-07T03:15, user161, click
2024-10-07T03:19, user183, login
2024-10-07T03:20, user140, view
2024-10-07T03:24, user160, logout
2024-10-07T03:25, user194, click
2024-10-07T03:26, user157, view
2024-10-07T03:29, user177, logout
2024-10-07T03:31, user109, view
2024-10-07T03:32, user180, logout
2024-10-07T03:37, user113, logout
2024-10-07T03:39, user161, view
2024-10-07T03:40, user190, click
2024-10-07T03:43, user162, login
2024-10-07T03:46, user148, view
2024-10-07T03:51, user174, click
2024-10-07T03:54, user118, click
2024-10-07T03:55, user164, view
2024-10-07T03:58, user185, view
2024-10-07T03:59, user132, logout
2024-10-07T04:04, user196, logout
2024-10-07T04:05, user107, login
2024-10-07T04:10, user143, login
2024-10-07T04:11, user186, logout
2024-10-07T04:14, user143, login
2024-10-07T04:16, user200, click
2024-10-07T04:19, user144, click
2024-10-07T04:21, user137, logout
2024-10-07T04:25, user140, click
2024-10-07T04:26, user160, logout
2024-10-07T04:29, user167, view
2024-10-07T04:33, user153, logout
2024-10-07T04:35, user168, login
2024-10-07T04:39, user150, logout
2024-10-07T04:44, user184, view
2024-10-07T04:45, user102, logout
2024-10-07T04:50, user152, view
2024-10-07T04:53, user159, view
2024-10-07T04:56, user114, login
2024-10-07T05:01, user138, click
2024-10-07T05:06, user177, view
2024-10-07T05:07, user200, logout
2024-10-07T05:10, user173, click
2024-10-07T05:13, user180, click
2024-10-07T05:18, user198, view
2024-10-07T05:19, user130, click
2024-10-07T05:22, user180, view
2024-10-07T05:26, user191, login
2024-10-07T05:29, user186, click
2024-10-07T05:30, user118, click
2024-10-07T05:35, user112, click
2024-10-07T05:39, user174, logout
2024-10-07T05:41, user171, click
2024-10-07T05:44, user133, view
2024-10-07T05:46, user149, login
2024-10-07T05:48, user130, click
2024-10-07T05:53, user115, view
2024-10-07T05:55, user196, login
2024-10-07T05:57, user127, login
2024-10-07T06:02, user122, login
2024-10-07T06:04, user191, login
2024-10-07T06:08, user176, view
2024-10-07T06:09, user131, logout
2024-10-07T06:14, user140, login
2024-10-07T06:16, user168, view
2024-10-07T06:19, user176, view
2024-10-07T06:20, user116, login
2024-10-07T06:21, user133, click
2024-10-07T06:23, user165, view
2024-10-07T06:26, user107, click
2024-10-07T06:27, user184, login
2024-10-07T06:30, user157, login
2024-10-07T06:31, user172, logout
2024-10-07T06:35, user121, click
2024-10-07T06:40, user162, logout
2024-10-07T06:45, user124, view
2024-10-07T06:47, user125, login
2024-10-07T06:51, user183, login
2024-10-07T06:55, user126, view
2024-10-07T06:58, user167, logout
2024-10-07T07:00, user144, logout
2024-10-07T07:04, user178, view
2024-10-07T07:09, user131, logout
2024-10-07T07:12, user188, view
2024-10-07T07:15, user180, view
2024-10-07T07:20, user138, login
2024-10-07T07:23, user198, view
2024-10-07T07:26, user124, logout
2024-10-07T07:27, user188, click
2024-10-07T07:30, user157, logout
2024-10-07T07:34, user198, login
2024-10-07T07:38, user191, logout
2024-10-07T07:40, user113, logout
2024-10-07T07:45, user130, login
2024-10-07T07:50, user112, logout
2024-10-07T07:54, user182, click
2024-10-07T07:58, user187, login
2024-10-07T08:00, user140, click
2024-10-07T08:01, user183, click
2024-10-07T08:04, user191, login
2024-10-07T08:09, user191, login
2024-10-07T08:11, user131, login
2024-10-07T08:13, user155, logout
2024-10-07T08:18, user176, logout
2024-10-07T08:19, user174, logout
2024-10-07T08:20, user182, logout
2024-10-07T08:24, user141, click
2024-10-07T08:26, user131, view
2024-10-07T08:29, user196, click
2024-10-07T08:31, user189, view
2024-10-07T08:32, user148, view
2024-10-07T08:35, user164, login
2024-10-07T08:38, user185, view
2024-10-07T08:40, user157, login
2024-10-07T08:44, user143, click
2024-10-07T08:48, user196, click
2024-10-07T08:49, user106, view
2024-10-07T08:53, user183, login
2024-10-07T08:56, user161, click
2024-10-07T08:59, user104, login
2024-10-07T09:04, user160, click
2024-10-07T09:07, user190, login
2024-10-07T09:10, user144, click
2024-10-07T09:15, user167, view
2024-10-07T09:16, user192, login
2024-10-07T09:21, user117, click
2024-10-07T09:23, user111, logout
2024-10-07T09:25, user170, view
2024-10-07T09:28, user195, view
2024-10-07T09:33, user164, view
2024-10-07T09:35, user110, logout
2024-10-07T09:39, user171, view
2024-10-07T09:44, user186, logout
2024-10-07T09:47, user117, logout
2024-10-07T09:48, user152, view
2024-10-07T09:53, user157, click
2024-10-07T09:55, user188, click
2024-10-07T09:56, user176, view
2024-10-07T09:58, user133, logout
2024-10-07T10:01, user186, view
2024-10-07T10:02, user120, view
2024-10-07T10:04, user123, logout
2024-10-07T10:07, user151, login
2024-10-07T10:08, user182, logout
2024-10-07T10:09, user189, logout
2024-10-07T10:13, user109, click
2024-10-07T10:17, user125, login
2024-10-07T10:20, user197, login
2024-10-07T10:23, user180, login
2024-10-07T10:28, user144, click
2024-10-07T10:31, user177, click
2024-10-07T10:32, user183, logout
2024-10-07T10:35, user167, logout
2024-10-07T10:38, user170, login
2024-10-07T10:40, user127, logout
2024-10-07T10:45, user200, view
2024-10-07T10:49, user183, login
2024-10-07T10:50, user147, view
2024-10-07T10:53, user145, view
2024-10-07T10:55, user166, click
2024-10-07T10:56, user156, login
2024-10-07T11:01, user166, logout
2024-10-07T11:06, user113, login
2024-10-07T11:10, user155, login
2024-10-07T11:15, user158, click
2024-10-07T11:18, user131, logout
2024-10-07T11:20, user200, click
2024-10-07T11:22, user138, login
2024-10-07T11:24, user121, logout
2024-10-07T11:28, user154, login
2024-10-07T11:31, user178, login
2024-10-07T11:34, user175, view
2024-10-07T11:38, user187, view
2024-10-07T11:39, user126, login
2024-10-07T11:43, user154, view
2024-10-07T11:44, user199, login
2024-10-07T11:47, user126, click
2024-10-07T11:51, user132, login
2024-10-07T11:55, user193, view
2024-10-07T12:00, user125, login
2024-10-07T12:03, user175, click
2024-10-07T12:07, user172, view
2024-10-07T12:10, user192, logout
2024-10-07T12:11, user134, click
2024-10-07T12:16, user101, logout
2024-10-07T12:19, user105, view
2024-10-07T12:24, user183, click
2024-10-07T12:27, user106, click
2024-10-07T12:28, user194, login
2024-10-07T12:30, user123, click
2024-10-07T12:31, user127, logout
2024-10-07T12:34, user105, click
2024-10-07T12:36, user130, logout
2024-10-07T12:40, user124, view
2024-10-07T12:41, user132, click
2024-10-07T12:45, user168, view
2024-10-07T12:46, user133, view
2024-10-07T12:50, user145, login
2024-10-07T12:54, user148, login
2024-10-07T12:57, user152, logout
2024-10-07T12:59, user104, view
2024-10-07T13:02, user171, click
2024-10-07T13:03, user199, login
2024-10-07T13:05, user172, login
2024-10-07T13:09, user140, logout
2024-10-07T13:12, user188, click
2024-10-07T13:16, user103, login
2024-10-07T13:21, user105, view
2024-10-07T13:23, user163, login
2024-10-07T13:24, user151, click
2024-10-07T13:28, user144, view
2024-10-07T13:29, user114, login
2024-10-07T13:30, user175, click
2024-10-07T13:33, user170, login
2024-10-07T13:36, user182, click
2024-10-07T13:39, user115, login
2024-10-07T13:40, user109, view
2024-10-07T13:45, user195, view
2024-10-07T13:50, user182, view
2024-10-07T13:54, user175, click
2024-10-07T13:55, user130, view
2024-10-07T14:00, user111, view
2024-10-07T14:01, user116, logout
2024-10-07T14:03, user155, view
2024-10-07T14:06, user194, logout
2024-10-07T14:07, user177, click
2024-10-07T14:12, user130, login
2024-10-07T14:13, user138, logout
2024-10-07T14:16, user183, logout
2024-10-07T14:19, user199, click
2024-10-07T14:24, user182, logout
2024-10-07T14:27, user120, login
2024-10-07T14:32, user187, click
2024-10-07T14:37, user154, view
2024-10-07T14:42, user136, view
2024-10-07T14:47, user137, click
2024-10-07T14:50, user199, logout
2024-10-07T14:55, user134, view
2024-10-07T15:00, user133, view
2024-10-07T15:05, user175, click
2024-10-07T15:10, user182, click
2024-10-07T15:13, user172, click
2024-10-07T15:17, user147, login
2024-10-07T15:20, user126, login
2024-10-07T15:21, user118, click
